[2022-12-01T07:35:15.833+0000] {taskinstance.py:1165} INFO - Dependencies all met for <TaskInstance: a_start_dag.create manual__2022-12-01T07:35:10.914827+00:00 [queued]>
[2022-12-01T07:35:15.843+0000] {taskinstance.py:1165} INFO - Dependencies all met for <TaskInstance: a_start_dag.create manual__2022-12-01T07:35:10.914827+00:00 [queued]>
[2022-12-01T07:35:15.844+0000] {taskinstance.py:1362} INFO - 
--------------------------------------------------------------------------------
[2022-12-01T07:35:15.844+0000] {taskinstance.py:1363} INFO - Starting attempt 1 of 1
[2022-12-01T07:35:15.844+0000] {taskinstance.py:1364} INFO - 
--------------------------------------------------------------------------------
[2022-12-01T07:35:15.861+0000] {taskinstance.py:1383} INFO - Executing <Task(PythonOperator): create> on 2022-12-01 07:35:10.914827+00:00
[2022-12-01T07:35:15.873+0000] {standard_task_runner.py:55} INFO - Started process 1345 to run task
[2022-12-01T07:35:15.878+0000] {standard_task_runner.py:82} INFO - Running: ['***', 'tasks', 'run', 'a_start_dag', 'create', 'manual__2022-12-01T07:35:10.914827+00:00', '--job-id', '1172', '--raw', '--subdir', 'DAGS_FOLDER/start_dag.py', '--cfg-path', '/tmp/tmpej0uj86h']
[2022-12-01T07:35:15.879+0000] {standard_task_runner.py:83} INFO - Job 1172: Subtask create
[2022-12-01T07:35:15.998+0000] {task_command.py:376} INFO - Running <TaskInstance: a_start_dag.create manual__2022-12-01T07:35:10.914827+00:00 [running]> on host 3859ff78a683
[2022-12-01T07:35:16.087+0000] {taskinstance.py:1592} INFO - Exporting the following env vars:
AIRFLOW_CTX_DAG_OWNER=***
AIRFLOW_CTX_DAG_ID=a_start_dag
AIRFLOW_CTX_TASK_ID=create
AIRFLOW_CTX_EXECUTION_DATE=2022-12-01T07:35:10.914827+00:00
AIRFLOW_CTX_TRY_NUMBER=1
AIRFLOW_CTX_DAG_RUN_ID=manual__2022-12-01T07:35:10.914827+00:00
[2022-12-01T07:35:16.194+0000] {python.py:177} INFO - Done. Returned value was: None
[2022-12-01T07:35:16.204+0000] {taskinstance.py:1406} INFO - Marking task as SUCCESS. dag_id=a_start_dag, task_id=create, execution_date=20221201T073510, start_date=20221201T073515, end_date=20221201T073516
[2022-12-01T07:35:16.262+0000] {local_task_job.py:159} INFO - Task exited with return code 0
[2022-12-01T07:35:16.286+0000] {taskinstance.py:2623} INFO - 1 downstream tasks scheduled from follow-on schedule check
