[2022-12-01T05:58:58.405+0000] {taskinstance.py:1165} INFO - Dependencies all met for <TaskInstance: a_start_dag.create manual__2022-12-01T05:58:53.175495+00:00 [queued]>
[2022-12-01T05:58:58.424+0000] {taskinstance.py:1165} INFO - Dependencies all met for <TaskInstance: a_start_dag.create manual__2022-12-01T05:58:53.175495+00:00 [queued]>
[2022-12-01T05:58:58.424+0000] {taskinstance.py:1362} INFO - 
--------------------------------------------------------------------------------
[2022-12-01T05:58:58.424+0000] {taskinstance.py:1363} INFO - Starting attempt 1 of 1
[2022-12-01T05:58:58.424+0000] {taskinstance.py:1364} INFO - 
--------------------------------------------------------------------------------
[2022-12-01T05:58:58.450+0000] {taskinstance.py:1383} INFO - Executing <Task(PythonOperator): create> on 2022-12-01 05:58:53.175495+00:00
[2022-12-01T05:58:58.456+0000] {standard_task_runner.py:55} INFO - Started process 57000 to run task
[2022-12-01T05:58:58.459+0000] {standard_task_runner.py:82} INFO - Running: ['***', 'tasks', 'run', 'a_start_dag', 'create', 'manual__2022-12-01T05:58:53.175495+00:00', '--job-id', '1120', '--raw', '--subdir', 'DAGS_FOLDER/start_dag.py', '--cfg-path', '/tmp/tmpwixt15x6']
[2022-12-01T05:58:58.460+0000] {standard_task_runner.py:83} INFO - Job 1120: Subtask create
[2022-12-01T05:58:58.596+0000] {task_command.py:376} INFO - Running <TaskInstance: a_start_dag.create manual__2022-12-01T05:58:53.175495+00:00 [running]> on host ab28c0b87467
[2022-12-01T05:58:58.716+0000] {taskinstance.py:1592} INFO - Exporting the following env vars:
AIRFLOW_CTX_DAG_OWNER=***
AIRFLOW_CTX_DAG_ID=a_start_dag
AIRFLOW_CTX_TASK_ID=create
AIRFLOW_CTX_EXECUTION_DATE=2022-12-01T05:58:53.175495+00:00
AIRFLOW_CTX_TRY_NUMBER=1
AIRFLOW_CTX_DAG_RUN_ID=manual__2022-12-01T05:58:53.175495+00:00
[2022-12-01T05:58:58.828+0000] {logging_mixin.py:137} INFO -       Game Number   "Game Length"  reverse
0               1              30    10000
1               2              29     9999
2               3              31     9998
3               4              16     9997
4               5              24     9996
...           ...             ...      ...
9995         9996              14        5
9996         9997              16        4
9997         9998              29        3
9998         9999               9        2
9999        10000              59        1

[10000 rows x 3 columns]
[2022-12-01T05:58:58.829+0000] {python.py:177} INFO - Done. Returned value was: None
[2022-12-01T05:58:58.843+0000] {taskinstance.py:1406} INFO - Marking task as SUCCESS. dag_id=a_start_dag, task_id=create, execution_date=20221201T055853, start_date=20221201T055858, end_date=20221201T055858
[2022-12-01T05:58:58.888+0000] {local_task_job.py:159} INFO - Task exited with return code 0
[2022-12-01T05:58:58.911+0000] {taskinstance.py:2623} INFO - 0 downstream tasks scheduled from follow-on schedule check
