[2022-12-01T07:16:11.378+0000] {taskinstance.py:1165} INFO - Dependencies all met for <TaskInstance: a_start_dag.read_file manual__2022-12-01T07:16:03.395743+00:00 [queued]>
[2022-12-01T07:16:11.390+0000] {taskinstance.py:1165} INFO - Dependencies all met for <TaskInstance: a_start_dag.read_file manual__2022-12-01T07:16:03.395743+00:00 [queued]>
[2022-12-01T07:16:11.390+0000] {taskinstance.py:1362} INFO - 
--------------------------------------------------------------------------------
[2022-12-01T07:16:11.390+0000] {taskinstance.py:1363} INFO - Starting attempt 1 of 1
[2022-12-01T07:16:11.390+0000] {taskinstance.py:1364} INFO - 
--------------------------------------------------------------------------------
[2022-12-01T07:16:11.406+0000] {taskinstance.py:1383} INFO - Executing <Task(BashOperator): read_file> on 2022-12-01 07:16:03.395743+00:00
[2022-12-01T07:16:11.415+0000] {standard_task_runner.py:55} INFO - Started process 483 to run task
[2022-12-01T07:16:11.418+0000] {standard_task_runner.py:82} INFO - Running: ['***', 'tasks', 'run', 'a_start_dag', 'read_file', 'manual__2022-12-01T07:16:03.395743+00:00', '--job-id', '1164', '--raw', '--subdir', 'DAGS_FOLDER/start_dag.py', '--cfg-path', '/tmp/tmp85u8tj34']
[2022-12-01T07:16:11.419+0000] {standard_task_runner.py:83} INFO - Job 1164: Subtask read_file
[2022-12-01T07:16:11.494+0000] {task_command.py:376} INFO - Running <TaskInstance: a_start_dag.read_file manual__2022-12-01T07:16:03.395743+00:00 [running]> on host 3859ff78a683
[2022-12-01T07:16:11.569+0000] {taskinstance.py:1592} INFO - Exporting the following env vars:
AIRFLOW_CTX_DAG_OWNER=***
AIRFLOW_CTX_DAG_ID=a_start_dag
AIRFLOW_CTX_TASK_ID=read_file
AIRFLOW_CTX_EXECUTION_DATE=2022-12-01T07:16:03.395743+00:00
AIRFLOW_CTX_TRY_NUMBER=1
AIRFLOW_CTX_DAG_RUN_ID=manual__2022-12-01T07:16:03.395743+00:00
[2022-12-01T07:16:11.570+0000] {subprocess.py:63} INFO - Tmp dir root location: 
 /tmp
[2022-12-01T07:16:11.571+0000] {subprocess.py:75} INFO - Running command: ['/bin/bash', '-c', 'pwd && ls']
[2022-12-01T07:16:11.588+0000] {subprocess.py:86} INFO - Output:
[2022-12-01T07:16:11.590+0000] {subprocess.py:93} INFO - /tmp/***tmpi8be19uk
[2022-12-01T07:16:11.592+0000] {subprocess.py:97} INFO - Command exited with return code 0
[2022-12-01T07:16:11.618+0000] {taskinstance.py:1406} INFO - Marking task as SUCCESS. dag_id=a_start_dag, task_id=read_file, execution_date=20221201T071603, start_date=20221201T071611, end_date=20221201T071611
[2022-12-01T07:16:11.675+0000] {local_task_job.py:159} INFO - Task exited with return code 0
[2022-12-01T07:16:11.694+0000] {taskinstance.py:2623} INFO - 0 downstream tasks scheduled from follow-on schedule check
