[2022-11-29T15:25:17.191+0000] {taskinstance.py:1165} INFO - Dependencies all met for <TaskInstance: a_start_dag.count_row manual__2022-11-29T15:25:16.383029+00:00 [queued]>
[2022-11-29T15:25:17.203+0000] {taskinstance.py:1165} INFO - Dependencies all met for <TaskInstance: a_start_dag.count_row manual__2022-11-29T15:25:16.383029+00:00 [queued]>
[2022-11-29T15:25:17.203+0000] {taskinstance.py:1362} INFO - 
--------------------------------------------------------------------------------
[2022-11-29T15:25:17.203+0000] {taskinstance.py:1363} INFO - Starting attempt 1 of 1
[2022-11-29T15:25:17.203+0000] {taskinstance.py:1364} INFO - 
--------------------------------------------------------------------------------
[2022-11-29T15:25:17.221+0000] {taskinstance.py:1383} INFO - Executing <Task(PythonOperator): count_row> on 2022-11-29 15:25:16.383029+00:00
[2022-11-29T15:25:17.229+0000] {standard_task_runner.py:55} INFO - Started process 20791 to run task
[2022-11-29T15:25:17.234+0000] {standard_task_runner.py:82} INFO - Running: ['***', 'tasks', 'run', 'a_start_dag', 'count_row', 'manual__2022-11-29T15:25:16.383029+00:00', '--job-id', '1008', '--raw', '--subdir', 'DAGS_FOLDER/start_dag.py', '--cfg-path', '/tmp/tmprmad9_fd']
[2022-11-29T15:25:17.236+0000] {standard_task_runner.py:83} INFO - Job 1008: Subtask count_row
[2022-11-29T15:25:17.302+0000] {task_command.py:376} INFO - Running <TaskInstance: a_start_dag.count_row manual__2022-11-29T15:25:16.383029+00:00 [running]> on host ab28c0b87467
[2022-11-29T15:25:17.383+0000] {taskinstance.py:1592} INFO - Exporting the following env vars:
AIRFLOW_CTX_DAG_OWNER=***
AIRFLOW_CTX_DAG_ID=a_start_dag
AIRFLOW_CTX_TASK_ID=count_row
AIRFLOW_CTX_EXECUTION_DATE=2022-11-29T15:25:16.383029+00:00
AIRFLOW_CTX_TRY_NUMBER=1
AIRFLOW_CTX_DAG_RUN_ID=manual__2022-11-29T15:25:16.383029+00:00
[2022-11-29T15:25:18.499+0000] {logging_mixin.py:137} INFO - Количество строк исключая заголовок = 10000
[2022-11-29T15:25:18.500+0000] {python.py:177} INFO - Done. Returned value was: 10000
[2022-11-29T15:25:18.532+0000] {taskinstance.py:1406} INFO - Marking task as SUCCESS. dag_id=a_start_dag, task_id=count_row, execution_date=20221129T152516, start_date=20221129T152517, end_date=20221129T152518
[2022-11-29T15:25:18.571+0000] {local_task_job.py:159} INFO - Task exited with return code 0
[2022-11-29T15:25:18.591+0000] {taskinstance.py:2623} INFO - 0 downstream tasks scheduled from follow-on schedule check
