[2022-11-29T08:59:39.446+0000] {taskinstance.py:1165} INFO - Dependencies all met for <TaskInstance: start_dag.hello scheduled__2022-08-29T00:00:00+00:00 [queued]>
[2022-11-29T08:59:39.457+0000] {taskinstance.py:1165} INFO - Dependencies all met for <TaskInstance: start_dag.hello scheduled__2022-08-29T00:00:00+00:00 [queued]>
[2022-11-29T08:59:39.458+0000] {taskinstance.py:1362} INFO - 
--------------------------------------------------------------------------------
[2022-11-29T08:59:39.458+0000] {taskinstance.py:1363} INFO - Starting attempt 1 of 1
[2022-11-29T08:59:39.458+0000] {taskinstance.py:1364} INFO - 
--------------------------------------------------------------------------------
[2022-11-29T08:59:39.481+0000] {taskinstance.py:1383} INFO - Executing <Task(BashOperator): hello> on 2022-08-29 00:00:00+00:00
[2022-11-29T08:59:39.489+0000] {standard_task_runner.py:55} INFO - Started process 2774 to run task
[2022-11-29T08:59:39.495+0000] {standard_task_runner.py:82} INFO - Running: ['***', 'tasks', 'run', 'start_dag', 'hello', 'scheduled__2022-08-29T00:00:00+00:00', '--job-id', '468', '--raw', '--subdir', 'DAGS_FOLDER/start_dag.py', '--cfg-path', '/tmp/tmp9ik5csua']
[2022-11-29T08:59:39.496+0000] {standard_task_runner.py:83} INFO - Job 468: Subtask hello
[2022-11-29T08:59:39.684+0000] {task_command.py:376} INFO - Running <TaskInstance: start_dag.hello scheduled__2022-08-29T00:00:00+00:00 [running]> on host ab28c0b87467
[2022-11-29T08:59:39.945+0000] {taskinstance.py:1592} INFO - Exporting the following env vars:
AIRFLOW_CTX_DAG_OWNER=***
AIRFLOW_CTX_DAG_ID=start_dag
AIRFLOW_CTX_TASK_ID=hello
AIRFLOW_CTX_EXECUTION_DATE=2022-08-29T00:00:00+00:00
AIRFLOW_CTX_TRY_NUMBER=1
AIRFLOW_CTX_DAG_RUN_ID=scheduled__2022-08-29T00:00:00+00:00
[2022-11-29T08:59:39.946+0000] {subprocess.py:63} INFO - Tmp dir root location: 
 /tmp
[2022-11-29T08:59:39.946+0000] {subprocess.py:75} INFO - Running command: ['/bin/bash', '-c', 'echo hello']
[2022-11-29T08:59:39.968+0000] {subprocess.py:86} INFO - Output:
[2022-11-29T08:59:39.970+0000] {subprocess.py:93} INFO - hello
[2022-11-29T08:59:39.971+0000] {subprocess.py:97} INFO - Command exited with return code 0
[2022-11-29T08:59:40.026+0000] {taskinstance.py:1406} INFO - Marking task as SUCCESS. dag_id=start_dag, task_id=hello, execution_date=20220829T000000, start_date=20221129T085939, end_date=20221129T085940
[2022-11-29T08:59:40.108+0000] {local_task_job.py:159} INFO - Task exited with return code 0
[2022-11-29T08:59:40.172+0000] {taskinstance.py:2623} INFO - 1 downstream tasks scheduled from follow-on schedule check
