[2022-12-01T00:00:03.787+0000] {taskinstance.py:1165} INFO - Dependencies all met for <TaskInstance: a_start_dag.count scheduled__2022-11-30T00:00:00+00:00 [queued]>
[2022-12-01T00:00:03.798+0000] {taskinstance.py:1165} INFO - Dependencies all met for <TaskInstance: a_start_dag.count scheduled__2022-11-30T00:00:00+00:00 [queued]>
[2022-12-01T00:00:03.798+0000] {taskinstance.py:1362} INFO - 
--------------------------------------------------------------------------------
[2022-12-01T00:00:03.798+0000] {taskinstance.py:1363} INFO - Starting attempt 1 of 1
[2022-12-01T00:00:03.798+0000] {taskinstance.py:1364} INFO - 
--------------------------------------------------------------------------------
[2022-12-01T00:00:03.814+0000] {taskinstance.py:1383} INFO - Executing <Task(PythonOperator): count> on 2022-11-30 00:00:00+00:00
[2022-12-01T00:00:03.820+0000] {standard_task_runner.py:55} INFO - Started process 41224 to run task
[2022-12-01T00:00:03.823+0000] {standard_task_runner.py:82} INFO - Running: ['***', 'tasks', 'run', 'a_start_dag', 'count', 'scheduled__2022-11-30T00:00:00+00:00', '--job-id', '1101', '--raw', '--subdir', 'DAGS_FOLDER/start_dag.py', '--cfg-path', '/tmp/tmplt9gs6m6']
[2022-12-01T00:00:03.824+0000] {standard_task_runner.py:83} INFO - Job 1101: Subtask count
[2022-12-01T00:00:03.887+0000] {task_command.py:376} INFO - Running <TaskInstance: a_start_dag.count scheduled__2022-11-30T00:00:00+00:00 [running]> on host ab28c0b87467
[2022-12-01T00:00:03.957+0000] {taskinstance.py:1592} INFO - Exporting the following env vars:
AIRFLOW_CTX_DAG_OWNER=***
AIRFLOW_CTX_DAG_ID=a_start_dag
AIRFLOW_CTX_TASK_ID=count
AIRFLOW_CTX_EXECUTION_DATE=2022-11-30T00:00:00+00:00
AIRFLOW_CTX_TRY_NUMBER=1
AIRFLOW_CTX_DAG_RUN_ID=scheduled__2022-11-30T00:00:00+00:00
[2022-12-01T00:00:03.988+0000] {python.py:177} INFO - Done. Returned value was: 10000
[2022-12-01T00:00:04.010+0000] {taskinstance.py:1406} INFO - Marking task as SUCCESS. dag_id=a_start_dag, task_id=count, execution_date=20221130T000000, start_date=20221201T000003, end_date=20221201T000004
[2022-12-01T00:00:04.036+0000] {local_task_job.py:159} INFO - Task exited with return code 0
[2022-12-01T00:00:04.061+0000] {taskinstance.py:2623} INFO - 1 downstream tasks scheduled from follow-on schedule check
