[2022-12-01T06:09:12.026+0000] {taskinstance.py:1165} INFO - Dependencies all met for <TaskInstance: a_start_dag.where_i_am manual__2022-12-01T06:09:10.948444+00:00 [queued]>
[2022-12-01T06:09:12.039+0000] {taskinstance.py:1165} INFO - Dependencies all met for <TaskInstance: a_start_dag.where_i_am manual__2022-12-01T06:09:10.948444+00:00 [queued]>
[2022-12-01T06:09:12.039+0000] {taskinstance.py:1362} INFO - 
--------------------------------------------------------------------------------
[2022-12-01T06:09:12.039+0000] {taskinstance.py:1363} INFO - Starting attempt 1 of 1
[2022-12-01T06:09:12.039+0000] {taskinstance.py:1364} INFO - 
--------------------------------------------------------------------------------
[2022-12-01T06:09:12.056+0000] {taskinstance.py:1383} INFO - Executing <Task(BashOperator): where_i_am> on 2022-12-01 06:09:10.948444+00:00
[2022-12-01T06:09:12.063+0000] {standard_task_runner.py:55} INFO - Started process 57463 to run task
[2022-12-01T06:09:12.068+0000] {standard_task_runner.py:82} INFO - Running: ['***', 'tasks', 'run', 'a_start_dag', 'where_i_am', 'manual__2022-12-01T06:09:10.948444+00:00', '--job-id', '1126', '--raw', '--subdir', 'DAGS_FOLDER/start_dag.py', '--cfg-path', '/tmp/tmpkdyqkdw2']
[2022-12-01T06:09:12.070+0000] {standard_task_runner.py:83} INFO - Job 1126: Subtask where_i_am
[2022-12-01T06:09:12.146+0000] {task_command.py:376} INFO - Running <TaskInstance: a_start_dag.where_i_am manual__2022-12-01T06:09:10.948444+00:00 [running]> on host ab28c0b87467
[2022-12-01T06:09:12.226+0000] {taskinstance.py:1592} INFO - Exporting the following env vars:
AIRFLOW_CTX_DAG_OWNER=***
AIRFLOW_CTX_DAG_ID=a_start_dag
AIRFLOW_CTX_TASK_ID=where_i_am
AIRFLOW_CTX_EXECUTION_DATE=2022-12-01T06:09:10.948444+00:00
AIRFLOW_CTX_TRY_NUMBER=1
AIRFLOW_CTX_DAG_RUN_ID=manual__2022-12-01T06:09:10.948444+00:00
[2022-12-01T06:09:12.229+0000] {subprocess.py:63} INFO - Tmp dir root location: 
 /tmp
[2022-12-01T06:09:12.230+0000] {subprocess.py:75} INFO - Running command: ['/bin/bash', '-c', ' ls']
[2022-12-01T06:09:12.245+0000] {subprocess.py:86} INFO - Output:
[2022-12-01T06:09:12.249+0000] {subprocess.py:97} INFO - Command exited with return code 0
[2022-12-01T06:09:12.282+0000] {taskinstance.py:1406} INFO - Marking task as SUCCESS. dag_id=a_start_dag, task_id=where_i_am, execution_date=20221201T060910, start_date=20221201T060912, end_date=20221201T060912
[2022-12-01T06:09:12.321+0000] {local_task_job.py:159} INFO - Task exited with return code 0
[2022-12-01T06:09:12.355+0000] {taskinstance.py:2623} INFO - 1 downstream tasks scheduled from follow-on schedule check
