[2022-12-01T07:36:33.336+0000] {taskinstance.py:1165} INFO - Dependencies all met for <TaskInstance: a_start_dag.create manual__2022-12-01T07:36:28.695584+00:00 [queued]>
[2022-12-01T07:36:33.352+0000] {taskinstance.py:1165} INFO - Dependencies all met for <TaskInstance: a_start_dag.create manual__2022-12-01T07:36:28.695584+00:00 [queued]>
[2022-12-01T07:36:33.352+0000] {taskinstance.py:1362} INFO - 
--------------------------------------------------------------------------------
[2022-12-01T07:36:33.352+0000] {taskinstance.py:1363} INFO - Starting attempt 1 of 1
[2022-12-01T07:36:33.352+0000] {taskinstance.py:1364} INFO - 
--------------------------------------------------------------------------------
[2022-12-01T07:36:33.370+0000] {taskinstance.py:1383} INFO - Executing <Task(PythonOperator): create> on 2022-12-01 07:36:28.695584+00:00
[2022-12-01T07:36:33.377+0000] {standard_task_runner.py:55} INFO - Started process 1416 to run task
[2022-12-01T07:36:33.381+0000] {standard_task_runner.py:82} INFO - Running: ['***', 'tasks', 'run', 'a_start_dag', 'create', 'manual__2022-12-01T07:36:28.695584+00:00', '--job-id', '1176', '--raw', '--subdir', 'DAGS_FOLDER/start_dag.py', '--cfg-path', '/tmp/tmp4ig2olfk']
[2022-12-01T07:36:33.382+0000] {standard_task_runner.py:83} INFO - Job 1176: Subtask create
[2022-12-01T07:36:33.497+0000] {task_command.py:376} INFO - Running <TaskInstance: a_start_dag.create manual__2022-12-01T07:36:28.695584+00:00 [running]> on host 3859ff78a683
[2022-12-01T07:36:33.625+0000] {taskinstance.py:1592} INFO - Exporting the following env vars:
AIRFLOW_CTX_DAG_OWNER=***
AIRFLOW_CTX_DAG_ID=a_start_dag
AIRFLOW_CTX_TASK_ID=create
AIRFLOW_CTX_EXECUTION_DATE=2022-12-01T07:36:28.695584+00:00
AIRFLOW_CTX_TRY_NUMBER=1
AIRFLOW_CTX_DAG_RUN_ID=manual__2022-12-01T07:36:28.695584+00:00
[2022-12-01T07:36:33.748+0000] {python.py:177} INFO - Done. Returned value was: None
[2022-12-01T07:36:33.767+0000] {taskinstance.py:1406} INFO - Marking task as SUCCESS. dag_id=a_start_dag, task_id=create, execution_date=20221201T073628, start_date=20221201T073633, end_date=20221201T073633
[2022-12-01T07:36:33.814+0000] {local_task_job.py:159} INFO - Task exited with return code 0
[2022-12-01T07:36:33.839+0000] {taskinstance.py:2623} INFO - 1 downstream tasks scheduled from follow-on schedule check
