[2022-11-29T08:56:36.096+0000] {taskinstance.py:1165} INFO - Dependencies all met for <TaskInstance: start_dag.world scheduled__2022-07-01T00:00:00+00:00 [queued]>
[2022-11-29T08:56:36.108+0000] {taskinstance.py:1165} INFO - Dependencies all met for <TaskInstance: start_dag.world scheduled__2022-07-01T00:00:00+00:00 [queued]>
[2022-11-29T08:56:36.109+0000] {taskinstance.py:1362} INFO - 
--------------------------------------------------------------------------------
[2022-11-29T08:56:36.109+0000] {taskinstance.py:1363} INFO - Starting attempt 1 of 1
[2022-11-29T08:56:36.109+0000] {taskinstance.py:1364} INFO - 
--------------------------------------------------------------------------------
[2022-11-29T08:56:36.126+0000] {taskinstance.py:1383} INFO - Executing <Task(PythonOperator): world> on 2022-07-01 00:00:00+00:00
[2022-11-29T08:56:36.134+0000] {standard_task_runner.py:55} INFO - Started process 2364 to run task
[2022-11-29T08:56:36.139+0000] {standard_task_runner.py:82} INFO - Running: ['***', 'tasks', 'run', 'start_dag', 'world', 'scheduled__2022-07-01T00:00:00+00:00', '--job-id', '355', '--raw', '--subdir', 'DAGS_FOLDER/start_dag.py', '--cfg-path', '/tmp/tmp0_dknddn']
[2022-11-29T08:56:36.139+0000] {standard_task_runner.py:83} INFO - Job 355: Subtask world
[2022-11-29T08:56:36.229+0000] {task_command.py:376} INFO - Running <TaskInstance: start_dag.world scheduled__2022-07-01T00:00:00+00:00 [running]> on host ab28c0b87467
[2022-11-29T08:56:36.308+0000] {taskinstance.py:1592} INFO - Exporting the following env vars:
AIRFLOW_CTX_DAG_OWNER=***
AIRFLOW_CTX_DAG_ID=start_dag
AIRFLOW_CTX_TASK_ID=world
AIRFLOW_CTX_EXECUTION_DATE=2022-07-01T00:00:00+00:00
AIRFLOW_CTX_TRY_NUMBER=1
AIRFLOW_CTX_DAG_RUN_ID=scheduled__2022-07-01T00:00:00+00:00
[2022-11-29T08:56:36.309+0000] {logging_mixin.py:137} INFO - Air
[2022-11-29T08:56:36.309+0000] {python.py:177} INFO - Done. Returned value was: None
[2022-11-29T08:56:36.319+0000] {taskinstance.py:1406} INFO - Marking task as SUCCESS. dag_id=start_dag, task_id=world, execution_date=20220701T000000, start_date=20221129T085636, end_date=20221129T085636
[2022-11-29T08:56:36.348+0000] {local_task_job.py:159} INFO - Task exited with return code 0
[2022-11-29T08:56:36.366+0000] {taskinstance.py:2623} INFO - 0 downstream tasks scheduled from follow-on schedule check
