[2022-11-29T08:56:21.498+0000] {taskinstance.py:1165} INFO - Dependencies all met for <TaskInstance: start_dag.hello scheduled__2022-06-17T00:00:00+00:00 [queued]>
[2022-11-29T08:56:21.511+0000] {taskinstance.py:1165} INFO - Dependencies all met for <TaskInstance: start_dag.hello scheduled__2022-06-17T00:00:00+00:00 [queued]>
[2022-11-29T08:56:21.511+0000] {taskinstance.py:1362} INFO - 
--------------------------------------------------------------------------------
[2022-11-29T08:56:21.511+0000] {taskinstance.py:1363} INFO - Starting attempt 1 of 1
[2022-11-29T08:56:21.511+0000] {taskinstance.py:1364} INFO - 
--------------------------------------------------------------------------------
[2022-11-29T08:56:21.564+0000] {taskinstance.py:1383} INFO - Executing <Task(BashOperator): hello> on 2022-06-17 00:00:00+00:00
[2022-11-29T08:56:21.579+0000] {standard_task_runner.py:55} INFO - Started process 2267 to run task
[2022-11-29T08:56:21.583+0000] {standard_task_runner.py:82} INFO - Running: ['***', 'tasks', 'run', 'start_dag', 'hello', 'scheduled__2022-06-17T00:00:00+00:00', '--job-id', '321', '--raw', '--subdir', 'DAGS_FOLDER/start_dag.py', '--cfg-path', '/tmp/tmp22e70nex']
[2022-11-29T08:56:21.584+0000] {standard_task_runner.py:83} INFO - Job 321: Subtask hello
[2022-11-29T08:56:21.710+0000] {task_command.py:376} INFO - Running <TaskInstance: start_dag.hello scheduled__2022-06-17T00:00:00+00:00 [running]> on host ab28c0b87467
[2022-11-29T08:56:21.887+0000] {taskinstance.py:1592} INFO - Exporting the following env vars:
AIRFLOW_CTX_DAG_OWNER=***
AIRFLOW_CTX_DAG_ID=start_dag
AIRFLOW_CTX_TASK_ID=hello
AIRFLOW_CTX_EXECUTION_DATE=2022-06-17T00:00:00+00:00
AIRFLOW_CTX_TRY_NUMBER=1
AIRFLOW_CTX_DAG_RUN_ID=scheduled__2022-06-17T00:00:00+00:00
[2022-11-29T08:56:21.888+0000] {subprocess.py:63} INFO - Tmp dir root location: 
 /tmp
[2022-11-29T08:56:21.890+0000] {subprocess.py:75} INFO - Running command: ['/bin/bash', '-c', 'echo hello']
[2022-11-29T08:56:21.924+0000] {subprocess.py:86} INFO - Output:
[2022-11-29T08:56:21.924+0000] {subprocess.py:93} INFO - hello
[2022-11-29T08:56:21.924+0000] {subprocess.py:97} INFO - Command exited with return code 0
[2022-11-29T08:56:21.985+0000] {taskinstance.py:1406} INFO - Marking task as SUCCESS. dag_id=start_dag, task_id=hello, execution_date=20220617T000000, start_date=20221129T085621, end_date=20221129T085621
[2022-11-29T08:56:22.081+0000] {local_task_job.py:159} INFO - Task exited with return code 0
[2022-11-29T08:56:22.125+0000] {taskinstance.py:2623} INFO - 1 downstream tasks scheduled from follow-on schedule check
