[2022-11-29T08:58:36.915+0000] {taskinstance.py:1165} INFO - Dependencies all met for <TaskInstance: start_dag.world scheduled__2022-07-22T00:00:00+00:00 [queued]>
[2022-11-29T08:58:36.948+0000] {taskinstance.py:1165} INFO - Dependencies all met for <TaskInstance: start_dag.world scheduled__2022-07-22T00:00:00+00:00 [queued]>
[2022-11-29T08:58:36.948+0000] {taskinstance.py:1362} INFO - 
--------------------------------------------------------------------------------
[2022-11-29T08:58:36.948+0000] {taskinstance.py:1363} INFO - Starting attempt 1 of 1
[2022-11-29T08:58:36.948+0000] {taskinstance.py:1364} INFO - 
--------------------------------------------------------------------------------
[2022-11-29T08:58:36.972+0000] {taskinstance.py:1383} INFO - Executing <Task(PythonOperator): world> on 2022-07-22 00:00:00+00:00
[2022-11-29T08:58:36.980+0000] {standard_task_runner.py:55} INFO - Started process 2562 to run task
[2022-11-29T08:58:36.989+0000] {standard_task_runner.py:82} INFO - Running: ['***', 'tasks', 'run', 'start_dag', 'world', 'scheduled__2022-07-22T00:00:00+00:00', '--job-id', '399', '--raw', '--subdir', 'DAGS_FOLDER/start_dag.py', '--cfg-path', '/tmp/tmph3uw_pxn']
[2022-11-29T08:58:36.990+0000] {standard_task_runner.py:83} INFO - Job 399: Subtask world
[2022-11-29T08:58:37.163+0000] {task_command.py:376} INFO - Running <TaskInstance: start_dag.world scheduled__2022-07-22T00:00:00+00:00 [running]> on host ab28c0b87467
[2022-11-29T08:58:37.274+0000] {taskinstance.py:1592} INFO - Exporting the following env vars:
AIRFLOW_CTX_DAG_OWNER=***
AIRFLOW_CTX_DAG_ID=start_dag
AIRFLOW_CTX_TASK_ID=world
AIRFLOW_CTX_EXECUTION_DATE=2022-07-22T00:00:00+00:00
AIRFLOW_CTX_TRY_NUMBER=1
AIRFLOW_CTX_DAG_RUN_ID=scheduled__2022-07-22T00:00:00+00:00
[2022-11-29T08:58:37.275+0000] {logging_mixin.py:137} INFO - Air
[2022-11-29T08:58:37.275+0000] {python.py:177} INFO - Done. Returned value was: None
[2022-11-29T08:58:37.304+0000] {taskinstance.py:1406} INFO - Marking task as SUCCESS. dag_id=start_dag, task_id=world, execution_date=20220722T000000, start_date=20221129T085836, end_date=20221129T085837
[2022-11-29T08:58:37.352+0000] {local_task_job.py:159} INFO - Task exited with return code 0
[2022-11-29T08:58:37.399+0000] {taskinstance.py:2623} INFO - 0 downstream tasks scheduled from follow-on schedule check
