[2022-11-29T11:43:53.603+0000] {taskinstance.py:1165} INFO - Dependencies all met for <TaskInstance: a_start_dag.count_row scheduled__2022-06-23T00:00:00+00:00 [queued]>
[2022-11-29T11:43:53.626+0000] {taskinstance.py:1165} INFO - Dependencies all met for <TaskInstance: a_start_dag.count_row scheduled__2022-06-23T00:00:00+00:00 [queued]>
[2022-11-29T11:43:53.626+0000] {taskinstance.py:1362} INFO - 
--------------------------------------------------------------------------------
[2022-11-29T11:43:53.626+0000] {taskinstance.py:1363} INFO - Starting attempt 1 of 1
[2022-11-29T11:43:53.626+0000] {taskinstance.py:1364} INFO - 
--------------------------------------------------------------------------------
[2022-11-29T11:43:53.661+0000] {taskinstance.py:1383} INFO - Executing <Task(PythonOperator): count_row> on 2022-06-23 00:00:00+00:00
[2022-11-29T11:43:53.668+0000] {standard_task_runner.py:55} INFO - Started process 10776 to run task
[2022-11-29T11:43:53.670+0000] {standard_task_runner.py:82} INFO - Running: ['***', 'tasks', 'run', 'a_start_dag', 'count_row', 'scheduled__2022-06-23T00:00:00+00:00', '--job-id', '838', '--raw', '--subdir', 'DAGS_FOLDER/start_dag.py', '--cfg-path', '/tmp/tmpbe1wpoyy']
[2022-11-29T11:43:53.671+0000] {standard_task_runner.py:83} INFO - Job 838: Subtask count_row
[2022-11-29T11:43:53.831+0000] {task_command.py:376} INFO - Running <TaskInstance: a_start_dag.count_row scheduled__2022-06-23T00:00:00+00:00 [running]> on host ab28c0b87467
[2022-11-29T11:43:53.966+0000] {taskinstance.py:1592} INFO - Exporting the following env vars:
AIRFLOW_CTX_DAG_OWNER=***
AIRFLOW_CTX_DAG_ID=a_start_dag
AIRFLOW_CTX_TASK_ID=count_row
AIRFLOW_CTX_EXECUTION_DATE=2022-06-23T00:00:00+00:00
AIRFLOW_CTX_TRY_NUMBER=1
AIRFLOW_CTX_DAG_RUN_ID=scheduled__2022-06-23T00:00:00+00:00
[2022-11-29T11:43:54.695+0000] {logging_mixin.py:137} INFO - Количество строк исключая заголовок = 10000
[2022-11-29T11:43:54.696+0000] {python.py:177} INFO - Done. Returned value was: None
[2022-11-29T11:43:54.709+0000] {taskinstance.py:1406} INFO - Marking task as SUCCESS. dag_id=a_start_dag, task_id=count_row, execution_date=20220623T000000, start_date=20221129T114353, end_date=20221129T114354
[2022-11-29T11:43:54.812+0000] {local_task_job.py:159} INFO - Task exited with return code 0
[2022-11-29T11:43:54.841+0000] {taskinstance.py:2623} INFO - 0 downstream tasks scheduled from follow-on schedule check
