[2022-12-01T05:58:04.116+0000] {taskinstance.py:1165} INFO - Dependencies all met for <TaskInstance: a_start_dag.count manual__2022-12-01T05:58:00.134416+00:00 [queued]>
[2022-12-01T05:58:04.128+0000] {taskinstance.py:1165} INFO - Dependencies all met for <TaskInstance: a_start_dag.count manual__2022-12-01T05:58:00.134416+00:00 [queued]>
[2022-12-01T05:58:04.128+0000] {taskinstance.py:1362} INFO - 
--------------------------------------------------------------------------------
[2022-12-01T05:58:04.128+0000] {taskinstance.py:1363} INFO - Starting attempt 1 of 1
[2022-12-01T05:58:04.129+0000] {taskinstance.py:1364} INFO - 
--------------------------------------------------------------------------------
[2022-12-01T05:58:04.146+0000] {taskinstance.py:1383} INFO - Executing <Task(PythonOperator): count> on 2022-12-01 05:58:00.134416+00:00
[2022-12-01T05:58:04.152+0000] {standard_task_runner.py:55} INFO - Started process 56953 to run task
[2022-12-01T05:58:04.157+0000] {standard_task_runner.py:82} INFO - Running: ['***', 'tasks', 'run', 'a_start_dag', 'count', 'manual__2022-12-01T05:58:00.134416+00:00', '--job-id', '1116', '--raw', '--subdir', 'DAGS_FOLDER/start_dag.py', '--cfg-path', '/tmp/tmp79209s6u']
[2022-12-01T05:58:04.158+0000] {standard_task_runner.py:83} INFO - Job 1116: Subtask count
[2022-12-01T05:58:04.225+0000] {task_command.py:376} INFO - Running <TaskInstance: a_start_dag.count manual__2022-12-01T05:58:00.134416+00:00 [running]> on host ab28c0b87467
[2022-12-01T05:58:04.310+0000] {taskinstance.py:1592} INFO - Exporting the following env vars:
AIRFLOW_CTX_DAG_OWNER=***
AIRFLOW_CTX_DAG_ID=a_start_dag
AIRFLOW_CTX_TASK_ID=count
AIRFLOW_CTX_EXECUTION_DATE=2022-12-01T05:58:00.134416+00:00
AIRFLOW_CTX_TRY_NUMBER=1
AIRFLOW_CTX_DAG_RUN_ID=manual__2022-12-01T05:58:00.134416+00:00
[2022-12-01T05:58:04.344+0000] {python.py:177} INFO - Done. Returned value was: 10000
[2022-12-01T05:58:04.370+0000] {taskinstance.py:1406} INFO - Marking task as SUCCESS. dag_id=a_start_dag, task_id=count, execution_date=20221201T055800, start_date=20221201T055804, end_date=20221201T055804
[2022-12-01T05:58:04.409+0000] {local_task_job.py:159} INFO - Task exited with return code 0
[2022-12-01T05:58:04.435+0000] {taskinstance.py:2623} INFO - 1 downstream tasks scheduled from follow-on schedule check
