[2022-11-29T08:19:39.087+0000] {taskinstance.py:1165} INFO - Dependencies all met for <TaskInstance: dataset_consumes_1_and_2.consuming_2 manual__2022-11-29T08:19:37.879653+00:00 [queued]>
[2022-11-29T08:19:39.099+0000] {taskinstance.py:1165} INFO - Dependencies all met for <TaskInstance: dataset_consumes_1_and_2.consuming_2 manual__2022-11-29T08:19:37.879653+00:00 [queued]>
[2022-11-29T08:19:39.099+0000] {taskinstance.py:1362} INFO - 
--------------------------------------------------------------------------------
[2022-11-29T08:19:39.104+0000] {taskinstance.py:1363} INFO - Starting attempt 1 of 1
[2022-11-29T08:19:39.104+0000] {taskinstance.py:1364} INFO - 
--------------------------------------------------------------------------------
[2022-11-29T08:19:39.121+0000] {taskinstance.py:1383} INFO - Executing <Task(BashOperator): consuming_2> on 2022-11-29 08:19:37.879653+00:00
[2022-11-29T08:19:39.129+0000] {standard_task_runner.py:55} INFO - Started process 172 to run task
[2022-11-29T08:19:39.131+0000] {standard_task_runner.py:82} INFO - Running: ['***', 'tasks', 'run', 'dataset_consumes_1_and_2', 'consuming_2', 'manual__2022-11-29T08:19:37.879653+00:00', '--job-id', '4', '--raw', '--subdir', '/home/***/.local/lib/python3.7/site-packages/***/example_dags/example_datasets.py', '--cfg-path', '/tmp/tmp_g44o4_l']
[2022-11-29T08:19:39.131+0000] {standard_task_runner.py:83} INFO - Job 4: Subtask consuming_2
[2022-11-29T08:19:39.215+0000] {task_command.py:376} INFO - Running <TaskInstance: dataset_consumes_1_and_2.consuming_2 manual__2022-11-29T08:19:37.879653+00:00 [running]> on host 589caf7fdb81
[2022-11-29T08:19:39.292+0000] {taskinstance.py:1592} INFO - Exporting the following env vars:
AIRFLOW_CTX_DAG_OWNER=***
AIRFLOW_CTX_DAG_ID=dataset_consumes_1_and_2
AIRFLOW_CTX_TASK_ID=consuming_2
AIRFLOW_CTX_EXECUTION_DATE=2022-11-29T08:19:37.879653+00:00
AIRFLOW_CTX_TRY_NUMBER=1
AIRFLOW_CTX_DAG_RUN_ID=manual__2022-11-29T08:19:37.879653+00:00
[2022-11-29T08:19:39.293+0000] {subprocess.py:63} INFO - Tmp dir root location: 
 /tmp
[2022-11-29T08:19:39.294+0000] {subprocess.py:75} INFO - Running command: ['/bin/bash', '-c', 'sleep 5']
[2022-11-29T08:19:39.309+0000] {subprocess.py:86} INFO - Output:
[2022-11-29T08:19:44.313+0000] {subprocess.py:97} INFO - Command exited with return code 0
[2022-11-29T08:19:44.330+0000] {warnings.py:110} WARNING - /home/***/.local/lib/python3.7/site-packages/***/models/baseoperator.py:1390: RemovedInAirflow3Warning: Passing 'execution_date' to 'TaskInstance.xcom_push()' is deprecated.
  context['ti'].xcom_push(key=key, value=value, execution_date=execution_date)

[2022-11-29T08:19:44.354+0000] {taskinstance.py:1406} INFO - Marking task as SUCCESS. dag_id=dataset_consumes_1_and_2, task_id=consuming_2, execution_date=20221129T081937, start_date=20221129T081939, end_date=20221129T081944
[2022-11-29T08:19:44.411+0000] {local_task_job.py:159} INFO - Task exited with return code 0
[2022-11-29T08:19:44.437+0000] {taskinstance.py:2623} INFO - 0 downstream tasks scheduled from follow-on schedule check
