[2022-11-30T12:30:24.976+0000] {taskinstance.py:1165} INFO - Dependencies all met for <TaskInstance: a_start_dag.count manual__2022-11-30T12:30:21.787924+00:00 [queued]>
[2022-11-30T12:30:24.988+0000] {taskinstance.py:1165} INFO - Dependencies all met for <TaskInstance: a_start_dag.count manual__2022-11-30T12:30:21.787924+00:00 [queued]>
[2022-11-30T12:30:24.988+0000] {taskinstance.py:1362} INFO - 
--------------------------------------------------------------------------------
[2022-11-30T12:30:24.988+0000] {taskinstance.py:1363} INFO - Starting attempt 1 of 1
[2022-11-30T12:30:24.989+0000] {taskinstance.py:1364} INFO - 
--------------------------------------------------------------------------------
[2022-11-30T12:30:25.005+0000] {taskinstance.py:1383} INFO - Executing <Task(PythonOperator): count> on 2022-11-30 12:30:21.787924+00:00
[2022-11-30T12:30:25.013+0000] {standard_task_runner.py:55} INFO - Started process 11044 to run task
[2022-11-30T12:30:25.018+0000] {standard_task_runner.py:82} INFO - Running: ['***', 'tasks', 'run', 'a_start_dag', 'count', 'manual__2022-11-30T12:30:21.787924+00:00', '--job-id', '1086', '--raw', '--subdir', 'DAGS_FOLDER/start_dag.py', '--cfg-path', '/tmp/tmp4n43x2eg']
[2022-11-30T12:30:25.020+0000] {standard_task_runner.py:83} INFO - Job 1086: Subtask count
[2022-11-30T12:30:25.083+0000] {task_command.py:376} INFO - Running <TaskInstance: a_start_dag.count manual__2022-11-30T12:30:21.787924+00:00 [running]> on host ab28c0b87467
[2022-11-30T12:30:25.154+0000] {taskinstance.py:1592} INFO - Exporting the following env vars:
AIRFLOW_CTX_DAG_OWNER=***
AIRFLOW_CTX_DAG_ID=a_start_dag
AIRFLOW_CTX_TASK_ID=count
AIRFLOW_CTX_EXECUTION_DATE=2022-11-30T12:30:21.787924+00:00
AIRFLOW_CTX_TRY_NUMBER=1
AIRFLOW_CTX_DAG_RUN_ID=manual__2022-11-30T12:30:21.787924+00:00
[2022-11-30T12:30:25.205+0000] {logging_mixin.py:137} INFO - 2
[2022-11-30T12:30:25.206+0000] {python.py:177} INFO - Done. Returned value was: None
[2022-11-30T12:30:25.217+0000] {taskinstance.py:1406} INFO - Marking task as SUCCESS. dag_id=a_start_dag, task_id=count, execution_date=20221130T123021, start_date=20221130T123024, end_date=20221130T123025
[2022-11-30T12:30:25.268+0000] {local_task_job.py:159} INFO - Task exited with return code 0
[2022-11-30T12:30:25.295+0000] {taskinstance.py:2623} INFO - 0 downstream tasks scheduled from follow-on schedule check
