[2022-12-01T06:09:17.549+0000] {taskinstance.py:1165} INFO - Dependencies all met for <TaskInstance: a_start_dag.create manual__2022-12-01T06:09:10.948444+00:00 [queued]>
[2022-12-01T06:09:17.559+0000] {taskinstance.py:1165} INFO - Dependencies all met for <TaskInstance: a_start_dag.create manual__2022-12-01T06:09:10.948444+00:00 [queued]>
[2022-12-01T06:09:17.560+0000] {taskinstance.py:1362} INFO - 
--------------------------------------------------------------------------------
[2022-12-01T06:09:17.560+0000] {taskinstance.py:1363} INFO - Starting attempt 1 of 1
[2022-12-01T06:09:17.560+0000] {taskinstance.py:1364} INFO - 
--------------------------------------------------------------------------------
[2022-12-01T06:09:17.584+0000] {taskinstance.py:1383} INFO - Executing <Task(PythonOperator): create> on 2022-12-01 06:09:10.948444+00:00
[2022-12-01T06:09:17.590+0000] {standard_task_runner.py:55} INFO - Started process 57482 to run task
[2022-12-01T06:09:17.596+0000] {standard_task_runner.py:82} INFO - Running: ['***', 'tasks', 'run', 'a_start_dag', 'create', 'manual__2022-12-01T06:09:10.948444+00:00', '--job-id', '1129', '--raw', '--subdir', 'DAGS_FOLDER/start_dag.py', '--cfg-path', '/tmp/tmpta8bpti2']
[2022-12-01T06:09:17.597+0000] {standard_task_runner.py:83} INFO - Job 1129: Subtask create
[2022-12-01T06:09:17.729+0000] {task_command.py:376} INFO - Running <TaskInstance: a_start_dag.create manual__2022-12-01T06:09:10.948444+00:00 [running]> on host ab28c0b87467
[2022-12-01T06:09:17.848+0000] {taskinstance.py:1592} INFO - Exporting the following env vars:
AIRFLOW_CTX_DAG_OWNER=***
AIRFLOW_CTX_DAG_ID=a_start_dag
AIRFLOW_CTX_TASK_ID=create
AIRFLOW_CTX_EXECUTION_DATE=2022-12-01T06:09:10.948444+00:00
AIRFLOW_CTX_TRY_NUMBER=1
AIRFLOW_CTX_DAG_RUN_ID=manual__2022-12-01T06:09:10.948444+00:00
[2022-12-01T06:09:17.953+0000] {python.py:177} INFO - Done. Returned value was: None
[2022-12-01T06:09:17.966+0000] {taskinstance.py:1406} INFO - Marking task as SUCCESS. dag_id=a_start_dag, task_id=create, execution_date=20221201T060910, start_date=20221201T060917, end_date=20221201T060917
[2022-12-01T06:09:17.987+0000] {local_task_job.py:159} INFO - Task exited with return code 0
[2022-12-01T06:09:18.018+0000] {taskinstance.py:2623} INFO - 0 downstream tasks scheduled from follow-on schedule check
