[2022-11-29T08:54:08.501+0000] {taskinstance.py:1165} INFO - Dependencies all met for <TaskInstance: start_dag.world scheduled__2022-04-16T00:00:00+00:00 [queued]>
[2022-11-29T08:54:08.550+0000] {taskinstance.py:1165} INFO - Dependencies all met for <TaskInstance: start_dag.world scheduled__2022-04-16T00:00:00+00:00 [queued]>
[2022-11-29T08:54:08.550+0000] {taskinstance.py:1362} INFO - 
--------------------------------------------------------------------------------
[2022-11-29T08:54:08.550+0000] {taskinstance.py:1363} INFO - Starting attempt 1 of 1
[2022-11-29T08:54:08.550+0000] {taskinstance.py:1364} INFO - 
--------------------------------------------------------------------------------
[2022-11-29T08:54:08.635+0000] {taskinstance.py:1383} INFO - Executing <Task(PythonOperator): world> on 2022-04-16 00:00:00+00:00
[2022-11-29T08:54:08.643+0000] {standard_task_runner.py:55} INFO - Started process 1877 to run task
[2022-11-29T08:54:08.646+0000] {standard_task_runner.py:82} INFO - Running: ['***', 'tasks', 'run', 'start_dag', 'world', 'scheduled__2022-04-16T00:00:00+00:00', '--job-id', '202', '--raw', '--subdir', 'DAGS_FOLDER/start_dag.py', '--cfg-path', '/tmp/tmpaos6yuzz']
[2022-11-29T08:54:08.647+0000] {standard_task_runner.py:83} INFO - Job 202: Subtask world
[2022-11-29T08:54:08.881+0000] {task_command.py:376} INFO - Running <TaskInstance: start_dag.world scheduled__2022-04-16T00:00:00+00:00 [running]> on host ab28c0b87467
[2022-11-29T08:54:09.070+0000] {taskinstance.py:1592} INFO - Exporting the following env vars:
AIRFLOW_CTX_DAG_OWNER=***
AIRFLOW_CTX_DAG_ID=start_dag
AIRFLOW_CTX_TASK_ID=world
AIRFLOW_CTX_EXECUTION_DATE=2022-04-16T00:00:00+00:00
AIRFLOW_CTX_TRY_NUMBER=1
AIRFLOW_CTX_DAG_RUN_ID=scheduled__2022-04-16T00:00:00+00:00
[2022-11-29T08:54:09.071+0000] {logging_mixin.py:137} INFO - Air
[2022-11-29T08:54:09.071+0000] {python.py:177} INFO - Done. Returned value was: None
[2022-11-29T08:54:09.104+0000] {taskinstance.py:1406} INFO - Marking task as SUCCESS. dag_id=start_dag, task_id=world, execution_date=20220416T000000, start_date=20221129T085408, end_date=20221129T085409
[2022-11-29T08:54:09.148+0000] {local_task_job.py:159} INFO - Task exited with return code 0
[2022-11-29T08:54:09.164+0000] {taskinstance.py:2623} INFO - 0 downstream tasks scheduled from follow-on schedule check
