[2022-11-29T09:00:51.061+0000] {taskinstance.py:1165} INFO - Dependencies all met for <TaskInstance: start_dag.world scheduled__2022-11-13T00:00:00+00:00 [queued]>
[2022-11-29T09:00:51.072+0000] {taskinstance.py:1165} INFO - Dependencies all met for <TaskInstance: start_dag.world scheduled__2022-11-13T00:00:00+00:00 [queued]>
[2022-11-29T09:00:51.072+0000] {taskinstance.py:1362} INFO - 
--------------------------------------------------------------------------------
[2022-11-29T09:00:51.073+0000] {taskinstance.py:1363} INFO - Starting attempt 1 of 1
[2022-11-29T09:00:51.073+0000] {taskinstance.py:1364} INFO - 
--------------------------------------------------------------------------------
[2022-11-29T09:00:51.104+0000] {taskinstance.py:1383} INFO - Executing <Task(PythonOperator): world> on 2022-11-13 00:00:00+00:00
[2022-11-29T09:00:51.112+0000] {standard_task_runner.py:55} INFO - Started process 3213 to run task
[2022-11-29T09:00:51.118+0000] {standard_task_runner.py:82} INFO - Running: ['***', 'tasks', 'run', 'start_dag', 'world', 'scheduled__2022-11-13T00:00:00+00:00', '--job-id', '625', '--raw', '--subdir', 'DAGS_FOLDER/start_dag.py', '--cfg-path', '/tmp/tmpnudaa1vs']
[2022-11-29T09:00:51.118+0000] {standard_task_runner.py:83} INFO - Job 625: Subtask world
[2022-11-29T09:00:51.236+0000] {task_command.py:376} INFO - Running <TaskInstance: start_dag.world scheduled__2022-11-13T00:00:00+00:00 [running]> on host ab28c0b87467
[2022-11-29T09:00:51.379+0000] {taskinstance.py:1592} INFO - Exporting the following env vars:
AIRFLOW_CTX_DAG_OWNER=***
AIRFLOW_CTX_DAG_ID=start_dag
AIRFLOW_CTX_TASK_ID=world
AIRFLOW_CTX_EXECUTION_DATE=2022-11-13T00:00:00+00:00
AIRFLOW_CTX_TRY_NUMBER=1
AIRFLOW_CTX_DAG_RUN_ID=scheduled__2022-11-13T00:00:00+00:00
[2022-11-29T09:00:51.379+0000] {logging_mixin.py:137} INFO - Air
[2022-11-29T09:00:51.379+0000] {python.py:177} INFO - Done. Returned value was: None
[2022-11-29T09:00:51.429+0000] {taskinstance.py:1406} INFO - Marking task as SUCCESS. dag_id=start_dag, task_id=world, execution_date=20221113T000000, start_date=20221129T090051, end_date=20221129T090051
[2022-11-29T09:00:51.476+0000] {local_task_job.py:159} INFO - Task exited with return code 0
[2022-11-29T09:00:51.569+0000] {taskinstance.py:2623} INFO - 0 downstream tasks scheduled from follow-on schedule check
