[2022-11-29T11:43:11.506+0000] {taskinstance.py:1165} INFO - Dependencies all met for <TaskInstance: a_start_dag.count_row scheduled__2022-04-24T00:00:00+00:00 [queued]>
[2022-11-29T11:43:11.516+0000] {taskinstance.py:1165} INFO - Dependencies all met for <TaskInstance: a_start_dag.count_row scheduled__2022-04-24T00:00:00+00:00 [queued]>
[2022-11-29T11:43:11.517+0000] {taskinstance.py:1362} INFO - 
--------------------------------------------------------------------------------
[2022-11-29T11:43:11.517+0000] {taskinstance.py:1363} INFO - Starting attempt 1 of 1
[2022-11-29T11:43:11.517+0000] {taskinstance.py:1364} INFO - 
--------------------------------------------------------------------------------
[2022-11-29T11:43:11.550+0000] {taskinstance.py:1383} INFO - Executing <Task(PythonOperator): count_row> on 2022-04-24 00:00:00+00:00
[2022-11-29T11:43:11.559+0000] {standard_task_runner.py:55} INFO - Started process 10621 to run task
[2022-11-29T11:43:11.562+0000] {standard_task_runner.py:82} INFO - Running: ['***', 'tasks', 'run', 'a_start_dag', 'count_row', 'scheduled__2022-04-24T00:00:00+00:00', '--job-id', '778', '--raw', '--subdir', 'DAGS_FOLDER/start_dag.py', '--cfg-path', '/tmp/tmplj957_2h']
[2022-11-29T11:43:11.562+0000] {standard_task_runner.py:83} INFO - Job 778: Subtask count_row
[2022-11-29T11:43:11.714+0000] {task_command.py:376} INFO - Running <TaskInstance: a_start_dag.count_row scheduled__2022-04-24T00:00:00+00:00 [running]> on host ab28c0b87467
[2022-11-29T11:43:12.020+0000] {taskinstance.py:1592} INFO - Exporting the following env vars:
AIRFLOW_CTX_DAG_OWNER=***
AIRFLOW_CTX_DAG_ID=a_start_dag
AIRFLOW_CTX_TASK_ID=count_row
AIRFLOW_CTX_EXECUTION_DATE=2022-04-24T00:00:00+00:00
AIRFLOW_CTX_TRY_NUMBER=1
AIRFLOW_CTX_DAG_RUN_ID=scheduled__2022-04-24T00:00:00+00:00
[2022-11-29T11:43:12.755+0000] {logging_mixin.py:137} INFO - Количество строк исключая заголовок = 10000
[2022-11-29T11:43:12.755+0000] {python.py:177} INFO - Done. Returned value was: None
[2022-11-29T11:43:12.777+0000] {taskinstance.py:1406} INFO - Marking task as SUCCESS. dag_id=a_start_dag, task_id=count_row, execution_date=20220424T000000, start_date=20221129T114311, end_date=20221129T114312
[2022-11-29T11:43:12.885+0000] {local_task_job.py:159} INFO - Task exited with return code 0
[2022-11-29T11:43:12.924+0000] {taskinstance.py:2623} INFO - 0 downstream tasks scheduled from follow-on schedule check
