[2022-12-01T07:15:15.636+0000] {taskinstance.py:1165} INFO - Dependencies all met for <TaskInstance: a_start_dag.read_file manual__2022-12-01T07:15:07.935170+00:00 [queued]>
[2022-12-01T07:15:15.659+0000] {taskinstance.py:1165} INFO - Dependencies all met for <TaskInstance: a_start_dag.read_file manual__2022-12-01T07:15:07.935170+00:00 [queued]>
[2022-12-01T07:15:15.659+0000] {taskinstance.py:1362} INFO - 
--------------------------------------------------------------------------------
[2022-12-01T07:15:15.659+0000] {taskinstance.py:1363} INFO - Starting attempt 1 of 1
[2022-12-01T07:15:15.659+0000] {taskinstance.py:1364} INFO - 
--------------------------------------------------------------------------------
[2022-12-01T07:15:15.683+0000] {taskinstance.py:1383} INFO - Executing <Task(BashOperator): read_file> on 2022-12-01 07:15:07.935170+00:00
[2022-12-01T07:15:15.691+0000] {standard_task_runner.py:55} INFO - Started process 431 to run task
[2022-12-01T07:15:15.694+0000] {standard_task_runner.py:82} INFO - Running: ['***', 'tasks', 'run', 'a_start_dag', 'read_file', 'manual__2022-12-01T07:15:07.935170+00:00', '--job-id', '1159', '--raw', '--subdir', 'DAGS_FOLDER/start_dag.py', '--cfg-path', '/tmp/tmp2u271zno']
[2022-12-01T07:15:15.699+0000] {standard_task_runner.py:83} INFO - Job 1159: Subtask read_file
[2022-12-01T07:15:15.829+0000] {task_command.py:376} INFO - Running <TaskInstance: a_start_dag.read_file manual__2022-12-01T07:15:07.935170+00:00 [running]> on host 3859ff78a683
[2022-12-01T07:15:15.929+0000] {taskinstance.py:1592} INFO - Exporting the following env vars:
AIRFLOW_CTX_DAG_OWNER=***
AIRFLOW_CTX_DAG_ID=a_start_dag
AIRFLOW_CTX_TASK_ID=read_file
AIRFLOW_CTX_EXECUTION_DATE=2022-12-01T07:15:07.935170+00:00
AIRFLOW_CTX_TRY_NUMBER=1
AIRFLOW_CTX_DAG_RUN_ID=manual__2022-12-01T07:15:07.935170+00:00
[2022-12-01T07:15:15.930+0000] {subprocess.py:63} INFO - Tmp dir root location: 
 /tmp
[2022-12-01T07:15:15.931+0000] {subprocess.py:75} INFO - Running command: ['/bin/bash', '-c', 'ls ']
[2022-12-01T07:15:15.951+0000] {subprocess.py:86} INFO - Output:
[2022-12-01T07:15:15.954+0000] {subprocess.py:97} INFO - Command exited with return code 0
[2022-12-01T07:15:15.991+0000] {taskinstance.py:1406} INFO - Marking task as SUCCESS. dag_id=a_start_dag, task_id=read_file, execution_date=20221201T071507, start_date=20221201T071515, end_date=20221201T071515
[2022-12-01T07:15:16.048+0000] {local_task_job.py:159} INFO - Task exited with return code 0
[2022-12-01T07:15:16.086+0000] {taskinstance.py:2623} INFO - 0 downstream tasks scheduled from follow-on schedule check
