[2022-12-01T07:23:21.371+0000] {taskinstance.py:1165} INFO - Dependencies all met for <TaskInstance: a_start_dag.create_file manual__2022-12-01T07:23:19.973120+00:00 [queued]>
[2022-12-01T07:23:21.383+0000] {taskinstance.py:1165} INFO - Dependencies all met for <TaskInstance: a_start_dag.create_file manual__2022-12-01T07:23:19.973120+00:00 [queued]>
[2022-12-01T07:23:21.383+0000] {taskinstance.py:1362} INFO - 
--------------------------------------------------------------------------------
[2022-12-01T07:23:21.384+0000] {taskinstance.py:1363} INFO - Starting attempt 1 of 1
[2022-12-01T07:23:21.384+0000] {taskinstance.py:1364} INFO - 
--------------------------------------------------------------------------------
[2022-12-01T07:23:21.400+0000] {taskinstance.py:1383} INFO - Executing <Task(BashOperator): create_file> on 2022-12-01 07:23:19.973120+00:00
[2022-12-01T07:23:21.409+0000] {standard_task_runner.py:55} INFO - Started process 801 to run task
[2022-12-01T07:23:21.412+0000] {standard_task_runner.py:82} INFO - Running: ['***', 'tasks', 'run', 'a_start_dag', 'create_file', 'manual__2022-12-01T07:23:19.973120+00:00', '--job-id', '1165', '--raw', '--subdir', 'DAGS_FOLDER/start_dag.py', '--cfg-path', '/tmp/tmpy1h6h8nb']
[2022-12-01T07:23:21.414+0000] {standard_task_runner.py:83} INFO - Job 1165: Subtask create_file
[2022-12-01T07:23:21.474+0000] {task_command.py:376} INFO - Running <TaskInstance: a_start_dag.create_file manual__2022-12-01T07:23:19.973120+00:00 [running]> on host 3859ff78a683
[2022-12-01T07:23:21.545+0000] {taskinstance.py:1592} INFO - Exporting the following env vars:
AIRFLOW_CTX_DAG_OWNER=***
AIRFLOW_CTX_DAG_ID=a_start_dag
AIRFLOW_CTX_TASK_ID=create_file
AIRFLOW_CTX_EXECUTION_DATE=2022-12-01T07:23:19.973120+00:00
AIRFLOW_CTX_TRY_NUMBER=1
AIRFLOW_CTX_DAG_RUN_ID=manual__2022-12-01T07:23:19.973120+00:00
[2022-12-01T07:23:21.547+0000] {subprocess.py:63} INFO - Tmp dir root location: 
 /tmp
[2022-12-01T07:23:21.547+0000] {subprocess.py:75} INFO - Running command: ['/bin/bash', '-c', 'pwd && touch file.csv']
[2022-12-01T07:23:21.563+0000] {subprocess.py:86} INFO - Output:
[2022-12-01T07:23:21.565+0000] {subprocess.py:93} INFO - /tmp/***tmpxlizbrlu
[2022-12-01T07:23:21.567+0000] {subprocess.py:97} INFO - Command exited with return code 0
[2022-12-01T07:23:21.591+0000] {taskinstance.py:1406} INFO - Marking task as SUCCESS. dag_id=a_start_dag, task_id=create_file, execution_date=20221201T072319, start_date=20221201T072321, end_date=20221201T072321
[2022-12-01T07:23:21.624+0000] {local_task_job.py:159} INFO - Task exited with return code 0
[2022-12-01T07:23:21.658+0000] {taskinstance.py:2623} INFO - 1 downstream tasks scheduled from follow-on schedule check
