[2022-12-01T07:36:34.514+0000] {taskinstance.py:1165} INFO - Dependencies all met for <TaskInstance: a_start_dag.Success manual__2022-12-01T07:36:28.695584+00:00 [queued]>
[2022-12-01T07:36:34.526+0000] {taskinstance.py:1165} INFO - Dependencies all met for <TaskInstance: a_start_dag.Success manual__2022-12-01T07:36:28.695584+00:00 [queued]>
[2022-12-01T07:36:34.526+0000] {taskinstance.py:1362} INFO - 
--------------------------------------------------------------------------------
[2022-12-01T07:36:34.526+0000] {taskinstance.py:1363} INFO - Starting attempt 1 of 1
[2022-12-01T07:36:34.526+0000] {taskinstance.py:1364} INFO - 
--------------------------------------------------------------------------------
[2022-12-01T07:36:34.542+0000] {taskinstance.py:1383} INFO - Executing <Task(BashOperator): Success> on 2022-12-01 07:36:28.695584+00:00
[2022-12-01T07:36:34.550+0000] {standard_task_runner.py:55} INFO - Started process 1419 to run task
[2022-12-01T07:36:34.555+0000] {standard_task_runner.py:82} INFO - Running: ['***', 'tasks', 'run', 'a_start_dag', 'Success', 'manual__2022-12-01T07:36:28.695584+00:00', '--job-id', '1177', '--raw', '--subdir', 'DAGS_FOLDER/start_dag.py', '--cfg-path', '/tmp/tmp03oh493i']
[2022-12-01T07:36:34.557+0000] {standard_task_runner.py:83} INFO - Job 1177: Subtask Success
[2022-12-01T07:36:34.626+0000] {task_command.py:376} INFO - Running <TaskInstance: a_start_dag.Success manual__2022-12-01T07:36:28.695584+00:00 [running]> on host 3859ff78a683
[2022-12-01T07:36:34.705+0000] {taskinstance.py:1592} INFO - Exporting the following env vars:
AIRFLOW_CTX_DAG_OWNER=***
AIRFLOW_CTX_DAG_ID=a_start_dag
AIRFLOW_CTX_TASK_ID=Success
AIRFLOW_CTX_EXECUTION_DATE=2022-12-01T07:36:28.695584+00:00
AIRFLOW_CTX_TRY_NUMBER=1
AIRFLOW_CTX_DAG_RUN_ID=manual__2022-12-01T07:36:28.695584+00:00
[2022-12-01T07:36:34.707+0000] {subprocess.py:63} INFO - Tmp dir root location: 
 /tmp
[2022-12-01T07:36:34.707+0000] {subprocess.py:75} INFO - Running command: ['/bin/bash', '-c', 'echo Success']
[2022-12-01T07:36:34.725+0000] {subprocess.py:86} INFO - Output:
[2022-12-01T07:36:34.727+0000] {subprocess.py:93} INFO - Success
[2022-12-01T07:36:34.728+0000] {subprocess.py:97} INFO - Command exited with return code 0
[2022-12-01T07:36:34.765+0000] {taskinstance.py:1406} INFO - Marking task as SUCCESS. dag_id=a_start_dag, task_id=Success, execution_date=20221201T073628, start_date=20221201T073634, end_date=20221201T073634
[2022-12-01T07:36:34.808+0000] {local_task_job.py:159} INFO - Task exited with return code 0
[2022-12-01T07:36:34.828+0000] {taskinstance.py:2623} INFO - 0 downstream tasks scheduled from follow-on schedule check
