[2022-11-30T09:34:51.043+0000] {taskinstance.py:1165} INFO - Dependencies all met for <TaskInstance: a_start_dag.count manual__2022-11-30T09:34:47.498308+00:00 [queued]>
[2022-11-30T09:34:51.055+0000] {taskinstance.py:1165} INFO - Dependencies all met for <TaskInstance: a_start_dag.count manual__2022-11-30T09:34:47.498308+00:00 [queued]>
[2022-11-30T09:34:51.055+0000] {taskinstance.py:1362} INFO - 
--------------------------------------------------------------------------------
[2022-11-30T09:34:51.055+0000] {taskinstance.py:1363} INFO - Starting attempt 1 of 1
[2022-11-30T09:34:51.055+0000] {taskinstance.py:1364} INFO - 
--------------------------------------------------------------------------------
[2022-11-30T09:34:51.071+0000] {taskinstance.py:1383} INFO - Executing <Task(PythonOperator): count> on 2022-11-30 09:34:47.498308+00:00
[2022-11-30T09:34:51.080+0000] {standard_task_runner.py:55} INFO - Started process 3252 to run task
[2022-11-30T09:34:51.088+0000] {standard_task_runner.py:82} INFO - Running: ['***', 'tasks', 'run', 'a_start_dag', 'count', 'manual__2022-11-30T09:34:47.498308+00:00', '--job-id', '1046', '--raw', '--subdir', 'DAGS_FOLDER/start_dag.py', '--cfg-path', '/tmp/tmp4abjcymg']
[2022-11-30T09:34:51.090+0000] {standard_task_runner.py:83} INFO - Job 1046: Subtask count
[2022-11-30T09:34:51.162+0000] {task_command.py:376} INFO - Running <TaskInstance: a_start_dag.count manual__2022-11-30T09:34:47.498308+00:00 [running]> on host ab28c0b87467
[2022-11-30T09:34:51.250+0000] {taskinstance.py:1592} INFO - Exporting the following env vars:
AIRFLOW_CTX_DAG_OWNER=***
AIRFLOW_CTX_DAG_ID=a_start_dag
AIRFLOW_CTX_TASK_ID=count
AIRFLOW_CTX_EXECUTION_DATE=2022-11-30T09:34:47.498308+00:00
AIRFLOW_CTX_TRY_NUMBER=1
AIRFLOW_CTX_DAG_RUN_ID=manual__2022-11-30T09:34:47.498308+00:00
[2022-11-30T09:34:51.280+0000] {logging_mixin.py:137} INFO - Количество строк исключая заголовок = 216800
[2022-11-30T09:34:51.280+0000] {python.py:177} INFO - Done. Returned value was: 216800
[2022-11-30T09:34:51.306+0000] {taskinstance.py:1406} INFO - Marking task as SUCCESS. dag_id=a_start_dag, task_id=count, execution_date=20221130T093447, start_date=20221130T093451, end_date=20221130T093451
[2022-11-30T09:34:51.340+0000] {local_task_job.py:159} INFO - Task exited with return code 0
[2022-11-30T09:34:51.358+0000] {taskinstance.py:2623} INFO - 0 downstream tasks scheduled from follow-on schedule check
