[2022-12-01T07:16:09.617+0000] {taskinstance.py:1165} INFO - Dependencies all met for <TaskInstance: a_start_dag.create manual__2022-12-01T07:16:03.395743+00:00 [queued]>
[2022-12-01T07:16:09.628+0000] {taskinstance.py:1165} INFO - Dependencies all met for <TaskInstance: a_start_dag.create manual__2022-12-01T07:16:03.395743+00:00 [queued]>
[2022-12-01T07:16:09.628+0000] {taskinstance.py:1362} INFO - 
--------------------------------------------------------------------------------
[2022-12-01T07:16:09.628+0000] {taskinstance.py:1363} INFO - Starting attempt 1 of 1
[2022-12-01T07:16:09.628+0000] {taskinstance.py:1364} INFO - 
--------------------------------------------------------------------------------
[2022-12-01T07:16:09.644+0000] {taskinstance.py:1383} INFO - Executing <Task(PythonOperator): create> on 2022-12-01 07:16:03.395743+00:00
[2022-12-01T07:16:09.653+0000] {standard_task_runner.py:55} INFO - Started process 480 to run task
[2022-12-01T07:16:09.657+0000] {standard_task_runner.py:82} INFO - Running: ['***', 'tasks', 'run', 'a_start_dag', 'create', 'manual__2022-12-01T07:16:03.395743+00:00', '--job-id', '1163', '--raw', '--subdir', 'DAGS_FOLDER/start_dag.py', '--cfg-path', '/tmp/tmppxfbzcpq']
[2022-12-01T07:16:09.659+0000] {standard_task_runner.py:83} INFO - Job 1163: Subtask create
[2022-12-01T07:16:09.744+0000] {task_command.py:376} INFO - Running <TaskInstance: a_start_dag.create manual__2022-12-01T07:16:03.395743+00:00 [running]> on host 3859ff78a683
[2022-12-01T07:16:09.825+0000] {taskinstance.py:1592} INFO - Exporting the following env vars:
AIRFLOW_CTX_DAG_OWNER=***
AIRFLOW_CTX_DAG_ID=a_start_dag
AIRFLOW_CTX_TASK_ID=create
AIRFLOW_CTX_EXECUTION_DATE=2022-12-01T07:16:03.395743+00:00
AIRFLOW_CTX_TRY_NUMBER=1
AIRFLOW_CTX_DAG_RUN_ID=manual__2022-12-01T07:16:03.395743+00:00
[2022-12-01T07:16:09.919+0000] {python.py:177} INFO - Done. Returned value was: None
[2022-12-01T07:16:09.933+0000] {taskinstance.py:1406} INFO - Marking task as SUCCESS. dag_id=a_start_dag, task_id=create, execution_date=20221201T071603, start_date=20221201T071609, end_date=20221201T071609
[2022-12-01T07:16:09.976+0000] {local_task_job.py:159} INFO - Task exited with return code 0
[2022-12-01T07:16:10.004+0000] {taskinstance.py:2623} INFO - 1 downstream tasks scheduled from follow-on schedule check
