[2022-11-29T11:41:55.880+0000] {taskinstance.py:1165} INFO - Dependencies all met for <TaskInstance: a_start_dag.count_row scheduled__2022-01-02T00:00:00+00:00 [queued]>
[2022-11-29T11:41:55.905+0000] {taskinstance.py:1165} INFO - Dependencies all met for <TaskInstance: a_start_dag.count_row scheduled__2022-01-02T00:00:00+00:00 [queued]>
[2022-11-29T11:41:55.905+0000] {taskinstance.py:1362} INFO - 
--------------------------------------------------------------------------------
[2022-11-29T11:41:55.905+0000] {taskinstance.py:1363} INFO - Starting attempt 1 of 1
[2022-11-29T11:41:55.905+0000] {taskinstance.py:1364} INFO - 
--------------------------------------------------------------------------------
[2022-11-29T11:41:56.006+0000] {taskinstance.py:1383} INFO - Executing <Task(PythonOperator): count_row> on 2022-01-02 00:00:00+00:00
[2022-11-29T11:41:56.031+0000] {standard_task_runner.py:55} INFO - Started process 10353 to run task
[2022-11-29T11:41:56.042+0000] {standard_task_runner.py:82} INFO - Running: ['***', 'tasks', 'run', 'a_start_dag', 'count_row', 'scheduled__2022-01-02T00:00:00+00:00', '--job-id', '666', '--raw', '--subdir', 'DAGS_FOLDER/start_dag.py', '--cfg-path', '/tmp/tmp4m2xx_pa']
[2022-11-29T11:41:56.051+0000] {standard_task_runner.py:83} INFO - Job 666: Subtask count_row
[2022-11-29T11:41:56.201+0000] {task_command.py:376} INFO - Running <TaskInstance: a_start_dag.count_row scheduled__2022-01-02T00:00:00+00:00 [running]> on host ab28c0b87467
[2022-11-29T11:41:56.362+0000] {taskinstance.py:1592} INFO - Exporting the following env vars:
AIRFLOW_CTX_DAG_OWNER=***
AIRFLOW_CTX_DAG_ID=a_start_dag
AIRFLOW_CTX_TASK_ID=count_row
AIRFLOW_CTX_EXECUTION_DATE=2022-01-02T00:00:00+00:00
AIRFLOW_CTX_TRY_NUMBER=1
AIRFLOW_CTX_DAG_RUN_ID=scheduled__2022-01-02T00:00:00+00:00
[2022-11-29T11:41:58.408+0000] {logging_mixin.py:137} INFO - Количество строк исключая заголовок = 10000
[2022-11-29T11:41:58.408+0000] {python.py:177} INFO - Done. Returned value was: None
[2022-11-29T11:41:58.418+0000] {taskinstance.py:1406} INFO - Marking task as SUCCESS. dag_id=a_start_dag, task_id=count_row, execution_date=20220102T000000, start_date=20221129T114155, end_date=20221129T114158
[2022-11-29T11:41:58.449+0000] {local_task_job.py:159} INFO - Task exited with return code 0
[2022-11-29T11:41:58.509+0000] {taskinstance.py:2623} INFO - 0 downstream tasks scheduled from follow-on schedule check
