[2022-11-30T09:34:01.782+0000] {taskinstance.py:1165} INFO - Dependencies all met for <TaskInstance: a_start_dag.count manual__2022-11-30T09:33:58.070110+00:00 [queued]>
[2022-11-30T09:34:01.795+0000] {taskinstance.py:1165} INFO - Dependencies all met for <TaskInstance: a_start_dag.count manual__2022-11-30T09:33:58.070110+00:00 [queued]>
[2022-11-30T09:34:01.796+0000] {taskinstance.py:1362} INFO - 
--------------------------------------------------------------------------------
[2022-11-30T09:34:01.796+0000] {taskinstance.py:1363} INFO - Starting attempt 1 of 1
[2022-11-30T09:34:01.796+0000] {taskinstance.py:1364} INFO - 
--------------------------------------------------------------------------------
[2022-11-30T09:34:01.815+0000] {taskinstance.py:1383} INFO - Executing <Task(PythonOperator): count> on 2022-11-30 09:33:58.070110+00:00
[2022-11-30T09:34:01.823+0000] {standard_task_runner.py:55} INFO - Started process 3205 to run task
[2022-11-30T09:34:01.826+0000] {standard_task_runner.py:82} INFO - Running: ['***', 'tasks', 'run', 'a_start_dag', 'count', 'manual__2022-11-30T09:33:58.070110+00:00', '--job-id', '1042', '--raw', '--subdir', 'DAGS_FOLDER/start_dag.py', '--cfg-path', '/tmp/tmp1vdzbjwn']
[2022-11-30T09:34:01.827+0000] {standard_task_runner.py:83} INFO - Job 1042: Subtask count
[2022-11-30T09:34:01.909+0000] {task_command.py:376} INFO - Running <TaskInstance: a_start_dag.count manual__2022-11-30T09:33:58.070110+00:00 [running]> on host ab28c0b87467
[2022-11-30T09:34:01.994+0000] {taskinstance.py:1592} INFO - Exporting the following env vars:
AIRFLOW_CTX_DAG_OWNER=***
AIRFLOW_CTX_DAG_ID=a_start_dag
AIRFLOW_CTX_TASK_ID=count
AIRFLOW_CTX_EXECUTION_DATE=2022-11-30T09:33:58.070110+00:00
AIRFLOW_CTX_TRY_NUMBER=1
AIRFLOW_CTX_DAG_RUN_ID=manual__2022-11-30T09:33:58.070110+00:00
[2022-11-30T09:34:02.034+0000] {logging_mixin.py:137} INFO - Количество строк исключая заголовок = 216800
[2022-11-30T09:34:02.035+0000] {python.py:177} INFO - Done. Returned value was: 216800
[2022-11-30T09:34:02.101+0000] {taskinstance.py:1406} INFO - Marking task as SUCCESS. dag_id=a_start_dag, task_id=count, execution_date=20221130T093358, start_date=20221130T093401, end_date=20221130T093402
[2022-11-30T09:34:02.160+0000] {local_task_job.py:159} INFO - Task exited with return code 0
[2022-11-30T09:34:02.196+0000] {taskinstance.py:2623} INFO - 0 downstream tasks scheduled from follow-on schedule check
