[2022-11-29T09:00:08.482+0000] {taskinstance.py:1165} INFO - Dependencies all met for <TaskInstance: start_dag.hello scheduled__2022-10-04T00:00:00+00:00 [queued]>
[2022-11-29T09:00:08.492+0000] {taskinstance.py:1165} INFO - Dependencies all met for <TaskInstance: start_dag.hello scheduled__2022-10-04T00:00:00+00:00 [queued]>
[2022-11-29T09:00:08.493+0000] {taskinstance.py:1362} INFO - 
--------------------------------------------------------------------------------
[2022-11-29T09:00:08.493+0000] {taskinstance.py:1363} INFO - Starting attempt 1 of 1
[2022-11-29T09:00:08.493+0000] {taskinstance.py:1364} INFO - 
--------------------------------------------------------------------------------
[2022-11-29T09:00:08.510+0000] {taskinstance.py:1383} INFO - Executing <Task(BashOperator): hello> on 2022-10-04 00:00:00+00:00
[2022-11-29T09:00:08.518+0000] {standard_task_runner.py:55} INFO - Started process 2973 to run task
[2022-11-29T09:00:08.527+0000] {standard_task_runner.py:82} INFO - Running: ['***', 'tasks', 'run', 'start_dag', 'hello', 'scheduled__2022-10-04T00:00:00+00:00', '--job-id', '538', '--raw', '--subdir', 'DAGS_FOLDER/start_dag.py', '--cfg-path', '/tmp/tmpp2zw0y7u']
[2022-11-29T09:00:08.527+0000] {standard_task_runner.py:83} INFO - Job 538: Subtask hello
[2022-11-29T09:00:08.691+0000] {task_command.py:376} INFO - Running <TaskInstance: start_dag.hello scheduled__2022-10-04T00:00:00+00:00 [running]> on host ab28c0b87467
[2022-11-29T09:00:08.867+0000] {taskinstance.py:1592} INFO - Exporting the following env vars:
AIRFLOW_CTX_DAG_OWNER=***
AIRFLOW_CTX_DAG_ID=start_dag
AIRFLOW_CTX_TASK_ID=hello
AIRFLOW_CTX_EXECUTION_DATE=2022-10-04T00:00:00+00:00
AIRFLOW_CTX_TRY_NUMBER=1
AIRFLOW_CTX_DAG_RUN_ID=scheduled__2022-10-04T00:00:00+00:00
[2022-11-29T09:00:08.868+0000] {subprocess.py:63} INFO - Tmp dir root location: 
 /tmp
[2022-11-29T09:00:08.868+0000] {subprocess.py:75} INFO - Running command: ['/bin/bash', '-c', 'echo hello']
[2022-11-29T09:00:08.911+0000] {subprocess.py:86} INFO - Output:
[2022-11-29T09:00:08.915+0000] {subprocess.py:93} INFO - hello
[2022-11-29T09:00:08.916+0000] {subprocess.py:97} INFO - Command exited with return code 0
[2022-11-29T09:00:08.956+0000] {taskinstance.py:1406} INFO - Marking task as SUCCESS. dag_id=start_dag, task_id=hello, execution_date=20221004T000000, start_date=20221129T090008, end_date=20221129T090008
[2022-11-29T09:00:09.028+0000] {local_task_job.py:159} INFO - Task exited with return code 0
[2022-11-29T09:00:09.177+0000] {taskinstance.py:2623} INFO - 0 downstream tasks scheduled from follow-on schedule check
