[2022-12-01T16:50:21.951+0000] {taskinstance.py:1165} INFO - Dependencies all met for <TaskInstance: a_start_dag.Success manual__2022-12-01T16:50:14.514500+00:00 [queued]>
[2022-12-01T16:50:21.980+0000] {taskinstance.py:1165} INFO - Dependencies all met for <TaskInstance: a_start_dag.Success manual__2022-12-01T16:50:14.514500+00:00 [queued]>
[2022-12-01T16:50:21.980+0000] {taskinstance.py:1362} INFO - 
--------------------------------------------------------------------------------
[2022-12-01T16:50:21.980+0000] {taskinstance.py:1363} INFO - Starting attempt 1 of 1
[2022-12-01T16:50:21.980+0000] {taskinstance.py:1364} INFO - 
--------------------------------------------------------------------------------
[2022-12-01T16:50:21.999+0000] {taskinstance.py:1383} INFO - Executing <Task(BashOperator): Success> on 2022-12-01 16:50:14.514500+00:00
[2022-12-01T16:50:22.010+0000] {standard_task_runner.py:55} INFO - Started process 10088 to run task
[2022-12-01T16:50:22.017+0000] {standard_task_runner.py:82} INFO - Running: ['***', 'tasks', 'run', 'a_start_dag', 'Success', 'manual__2022-12-01T16:50:14.514500+00:00', '--job-id', '1224', '--raw', '--subdir', 'DAGS_FOLDER/start_dag.py', '--cfg-path', '/tmp/tmp4k8_yuz0']
[2022-12-01T16:50:22.018+0000] {standard_task_runner.py:83} INFO - Job 1224: Subtask Success
[2022-12-01T16:50:22.145+0000] {task_command.py:376} INFO - Running <TaskInstance: a_start_dag.Success manual__2022-12-01T16:50:14.514500+00:00 [running]> on host 3c5410edb72e
[2022-12-01T16:50:22.219+0000] {taskinstance.py:1592} INFO - Exporting the following env vars:
AIRFLOW_CTX_DAG_OWNER=***
AIRFLOW_CTX_DAG_ID=a_start_dag
AIRFLOW_CTX_TASK_ID=Success
AIRFLOW_CTX_EXECUTION_DATE=2022-12-01T16:50:14.514500+00:00
AIRFLOW_CTX_TRY_NUMBER=1
AIRFLOW_CTX_DAG_RUN_ID=manual__2022-12-01T16:50:14.514500+00:00
[2022-12-01T16:50:22.220+0000] {subprocess.py:63} INFO - Tmp dir root location: 
 /tmp
[2022-12-01T16:50:22.220+0000] {subprocess.py:75} INFO - Running command: ['/bin/bash', '-c', 'echo Success']
[2022-12-01T16:50:22.237+0000] {subprocess.py:86} INFO - Output:
[2022-12-01T16:50:22.239+0000] {subprocess.py:93} INFO - Success
[2022-12-01T16:50:22.240+0000] {subprocess.py:97} INFO - Command exited with return code 0
[2022-12-01T16:50:22.268+0000] {taskinstance.py:1406} INFO - Marking task as SUCCESS. dag_id=a_start_dag, task_id=Success, execution_date=20221201T165014, start_date=20221201T165021, end_date=20221201T165022
[2022-12-01T16:50:22.336+0000] {local_task_job.py:159} INFO - Task exited with return code 0
[2022-12-01T16:50:22.359+0000] {taskinstance.py:2623} INFO - 0 downstream tasks scheduled from follow-on schedule check
