[2022-12-01T16:49:55.477+0000] {processor.py:154} INFO - Started process (PID=26780) to work on /home/airflow/.local/lib/python3.7/site-packages/airflow/example_dags/example_datasets.py
[2022-12-01T16:49:55.478+0000] {processor.py:756} INFO - Processing file /home/airflow/.local/lib/python3.7/site-packages/airflow/example_dags/example_datasets.py for tasks to queue
[2022-12-01T16:49:55.480+0000] {logging_mixin.py:137} INFO - [2022-12-01T16:49:55.480+0000] {dagbag.py:537} INFO - Filling up the DagBag from /home/airflow/.local/lib/python3.7/site-packages/airflow/example_dags/example_datasets.py
[2022-12-01T16:49:55.493+0000] {processor.py:766} INFO - DAG(s) dict_keys(['dataset_consumes_1', 'dataset_consumes_1_never_scheduled', 'dataset_consumes_unknown_never_scheduled', 'dataset_produces_1', 'dataset_produces_2', 'dataset_consumes_1_and_2']) retrieved from /home/airflow/.local/lib/python3.7/site-packages/airflow/example_dags/example_datasets.py
[2022-12-01T16:49:55.547+0000] {logging_mixin.py:137} INFO - [2022-12-01T16:49:55.547+0000] {dag.py:2585} INFO - Sync 6 DAGs
[2022-12-01T16:49:55.584+0000] {logging_mixin.py:137} INFO - [2022-12-01T16:49:55.584+0000] {dag.py:3340} INFO - Setting next_dagrun for dataset_consumes_1 to None, run_after=None
[2022-12-01T16:49:55.588+0000] {logging_mixin.py:137} INFO - [2022-12-01T16:49:55.588+0000] {dag.py:3340} INFO - Setting next_dagrun for dataset_consumes_1_and_2 to None, run_after=None
[2022-12-01T16:49:55.590+0000] {logging_mixin.py:137} INFO - [2022-12-01T16:49:55.589+0000] {dag.py:3340} INFO - Setting next_dagrun for dataset_consumes_1_never_scheduled to None, run_after=None
[2022-12-01T16:49:55.591+0000] {logging_mixin.py:137} INFO - [2022-12-01T16:49:55.591+0000] {dag.py:3340} INFO - Setting next_dagrun for dataset_consumes_unknown_never_scheduled to None, run_after=None
[2022-12-01T16:49:55.594+0000] {logging_mixin.py:137} INFO - [2022-12-01T16:49:55.594+0000] {dag.py:3340} INFO - Setting next_dagrun for dataset_produces_1 to 2022-11-30T00:00:00+00:00, run_after=2022-12-01T00:00:00+00:00
[2022-12-01T16:49:55.600+0000] {logging_mixin.py:137} INFO - [2022-12-01T16:49:55.600+0000] {dag.py:3340} INFO - Setting next_dagrun for dataset_produces_2 to None, run_after=None
[2022-12-01T16:49:55.635+0000] {processor.py:176} INFO - Processing /home/airflow/.local/lib/python3.7/site-packages/airflow/example_dags/example_datasets.py took 0.161 seconds
[2022-12-01T16:50:25.698+0000] {processor.py:154} INFO - Started process (PID=26843) to work on /home/airflow/.local/lib/python3.7/site-packages/airflow/example_dags/example_datasets.py
[2022-12-01T16:50:25.699+0000] {processor.py:756} INFO - Processing file /home/airflow/.local/lib/python3.7/site-packages/airflow/example_dags/example_datasets.py for tasks to queue
[2022-12-01T16:50:25.702+0000] {logging_mixin.py:137} INFO - [2022-12-01T16:50:25.702+0000] {dagbag.py:537} INFO - Filling up the DagBag from /home/airflow/.local/lib/python3.7/site-packages/airflow/example_dags/example_datasets.py
[2022-12-01T16:50:25.716+0000] {processor.py:766} INFO - DAG(s) dict_keys(['dataset_consumes_1_never_scheduled', 'dataset_consumes_unknown_never_scheduled', 'dataset_produces_1', 'dataset_consumes_1', 'dataset_produces_2', 'dataset_consumes_1_and_2']) retrieved from /home/airflow/.local/lib/python3.7/site-packages/airflow/example_dags/example_datasets.py
[2022-12-01T16:50:25.759+0000] {logging_mixin.py:137} INFO - [2022-12-01T16:50:25.759+0000] {dag.py:2585} INFO - Sync 6 DAGs
[2022-12-01T16:50:25.793+0000] {logging_mixin.py:137} INFO - [2022-12-01T16:50:25.792+0000] {dag.py:3340} INFO - Setting next_dagrun for dataset_consumes_1 to None, run_after=None
[2022-12-01T16:50:25.799+0000] {logging_mixin.py:137} INFO - [2022-12-01T16:50:25.799+0000] {dag.py:3340} INFO - Setting next_dagrun for dataset_consumes_1_and_2 to None, run_after=None
[2022-12-01T16:50:25.800+0000] {logging_mixin.py:137} INFO - [2022-12-01T16:50:25.800+0000] {dag.py:3340} INFO - Setting next_dagrun for dataset_consumes_1_never_scheduled to None, run_after=None
[2022-12-01T16:50:25.801+0000] {logging_mixin.py:137} INFO - [2022-12-01T16:50:25.801+0000] {dag.py:3340} INFO - Setting next_dagrun for dataset_consumes_unknown_never_scheduled to None, run_after=None
[2022-12-01T16:50:25.811+0000] {logging_mixin.py:137} INFO - [2022-12-01T16:50:25.811+0000] {dag.py:3340} INFO - Setting next_dagrun for dataset_produces_1 to 2022-11-30T00:00:00+00:00, run_after=2022-12-01T00:00:00+00:00
[2022-12-01T16:50:25.813+0000] {logging_mixin.py:137} INFO - [2022-12-01T16:50:25.813+0000] {dag.py:3340} INFO - Setting next_dagrun for dataset_produces_2 to None, run_after=None
[2022-12-01T16:50:25.855+0000] {processor.py:176} INFO - Processing /home/airflow/.local/lib/python3.7/site-packages/airflow/example_dags/example_datasets.py took 0.159 seconds
