[2022-11-29T11:44:49.379+0000] {taskinstance.py:1165} INFO - Dependencies all met for <TaskInstance: a_start_dag.count_row scheduled__2022-09-26T00:00:00+00:00 [queued]>
[2022-11-29T11:44:49.392+0000] {taskinstance.py:1165} INFO - Dependencies all met for <TaskInstance: a_start_dag.count_row scheduled__2022-09-26T00:00:00+00:00 [queued]>
[2022-11-29T11:44:49.392+0000] {taskinstance.py:1362} INFO - 
--------------------------------------------------------------------------------
[2022-11-29T11:44:49.392+0000] {taskinstance.py:1363} INFO - Starting attempt 1 of 1
[2022-11-29T11:44:49.392+0000] {taskinstance.py:1364} INFO - 
--------------------------------------------------------------------------------
[2022-11-29T11:44:49.413+0000] {taskinstance.py:1383} INFO - Executing <Task(PythonOperator): count_row> on 2022-09-26 00:00:00+00:00
[2022-11-29T11:44:49.420+0000] {standard_task_runner.py:55} INFO - Started process 11002 to run task
[2022-11-29T11:44:49.428+0000] {standard_task_runner.py:82} INFO - Running: ['***', 'tasks', 'run', 'a_start_dag', 'count_row', 'scheduled__2022-09-26T00:00:00+00:00', '--job-id', '933', '--raw', '--subdir', 'DAGS_FOLDER/start_dag.py', '--cfg-path', '/tmp/tmpn597_0sl']
[2022-11-29T11:44:49.429+0000] {standard_task_runner.py:83} INFO - Job 933: Subtask count_row
[2022-11-29T11:44:49.552+0000] {task_command.py:376} INFO - Running <TaskInstance: a_start_dag.count_row scheduled__2022-09-26T00:00:00+00:00 [running]> on host ab28c0b87467
[2022-11-29T11:44:49.736+0000] {taskinstance.py:1592} INFO - Exporting the following env vars:
AIRFLOW_CTX_DAG_OWNER=***
AIRFLOW_CTX_DAG_ID=a_start_dag
AIRFLOW_CTX_TASK_ID=count_row
AIRFLOW_CTX_EXECUTION_DATE=2022-09-26T00:00:00+00:00
AIRFLOW_CTX_TRY_NUMBER=1
AIRFLOW_CTX_DAG_RUN_ID=scheduled__2022-09-26T00:00:00+00:00
[2022-11-29T11:44:50.449+0000] {logging_mixin.py:137} INFO - Количество строк исключая заголовок = 10000
[2022-11-29T11:44:50.450+0000] {python.py:177} INFO - Done. Returned value was: None
[2022-11-29T11:44:50.462+0000] {taskinstance.py:1406} INFO - Marking task as SUCCESS. dag_id=a_start_dag, task_id=count_row, execution_date=20220926T000000, start_date=20221129T114449, end_date=20221129T114450
[2022-11-29T11:44:50.491+0000] {local_task_job.py:159} INFO - Task exited with return code 0
[2022-11-29T11:44:50.512+0000] {taskinstance.py:2623} INFO - 0 downstream tasks scheduled from follow-on schedule check
