[2022-11-29T09:00:06.891+0000] {taskinstance.py:1165} INFO - Dependencies all met for <TaskInstance: start_dag.hello scheduled__2022-09-29T00:00:00+00:00 [queued]>
[2022-11-29T09:00:06.912+0000] {taskinstance.py:1165} INFO - Dependencies all met for <TaskInstance: start_dag.hello scheduled__2022-09-29T00:00:00+00:00 [queued]>
[2022-11-29T09:00:06.912+0000] {taskinstance.py:1362} INFO - 
--------------------------------------------------------------------------------
[2022-11-29T09:00:06.912+0000] {taskinstance.py:1363} INFO - Starting attempt 1 of 1
[2022-11-29T09:00:06.912+0000] {taskinstance.py:1364} INFO - 
--------------------------------------------------------------------------------
[2022-11-29T09:00:06.984+0000] {taskinstance.py:1383} INFO - Executing <Task(BashOperator): hello> on 2022-09-29 00:00:00+00:00
[2022-11-29T09:00:06.993+0000] {standard_task_runner.py:55} INFO - Started process 2957 to run task
[2022-11-29T09:00:07.006+0000] {standard_task_runner.py:82} INFO - Running: ['***', 'tasks', 'run', 'start_dag', 'hello', 'scheduled__2022-09-29T00:00:00+00:00', '--job-id', '532', '--raw', '--subdir', 'DAGS_FOLDER/start_dag.py', '--cfg-path', '/tmp/tmpqbo8gn46']
[2022-11-29T09:00:07.006+0000] {standard_task_runner.py:83} INFO - Job 532: Subtask hello
[2022-11-29T09:00:07.215+0000] {task_command.py:376} INFO - Running <TaskInstance: start_dag.hello scheduled__2022-09-29T00:00:00+00:00 [running]> on host ab28c0b87467
[2022-11-29T09:00:07.433+0000] {taskinstance.py:1592} INFO - Exporting the following env vars:
AIRFLOW_CTX_DAG_OWNER=***
AIRFLOW_CTX_DAG_ID=start_dag
AIRFLOW_CTX_TASK_ID=hello
AIRFLOW_CTX_EXECUTION_DATE=2022-09-29T00:00:00+00:00
AIRFLOW_CTX_TRY_NUMBER=1
AIRFLOW_CTX_DAG_RUN_ID=scheduled__2022-09-29T00:00:00+00:00
[2022-11-29T09:00:07.434+0000] {subprocess.py:63} INFO - Tmp dir root location: 
 /tmp
[2022-11-29T09:00:07.434+0000] {subprocess.py:75} INFO - Running command: ['/bin/bash', '-c', 'echo hello']
[2022-11-29T09:00:07.471+0000] {subprocess.py:86} INFO - Output:
[2022-11-29T09:00:07.471+0000] {subprocess.py:93} INFO - hello
[2022-11-29T09:00:07.471+0000] {subprocess.py:97} INFO - Command exited with return code 0
[2022-11-29T09:00:07.569+0000] {taskinstance.py:1406} INFO - Marking task as SUCCESS. dag_id=start_dag, task_id=hello, execution_date=20220929T000000, start_date=20221129T090006, end_date=20221129T090007
[2022-11-29T09:00:07.662+0000] {local_task_job.py:159} INFO - Task exited with return code 0
[2022-11-29T09:00:07.716+0000] {taskinstance.py:2623} INFO - 0 downstream tasks scheduled from follow-on schedule check
