[2022-12-01T16:50:20.685+0000] {taskinstance.py:1165} INFO - Dependencies all met for <TaskInstance: a_start_dag.bash_cat manual__2022-12-01T16:50:14.514500+00:00 [queued]>
[2022-12-01T16:50:20.698+0000] {taskinstance.py:1165} INFO - Dependencies all met for <TaskInstance: a_start_dag.bash_cat manual__2022-12-01T16:50:14.514500+00:00 [queued]>
[2022-12-01T16:50:20.698+0000] {taskinstance.py:1362} INFO - 
--------------------------------------------------------------------------------
[2022-12-01T16:50:20.698+0000] {taskinstance.py:1363} INFO - Starting attempt 1 of 1
[2022-12-01T16:50:20.698+0000] {taskinstance.py:1364} INFO - 
--------------------------------------------------------------------------------
[2022-12-01T16:50:20.720+0000] {taskinstance.py:1383} INFO - Executing <Task(BashOperator): bash_cat> on 2022-12-01 16:50:14.514500+00:00
[2022-12-01T16:50:20.728+0000] {standard_task_runner.py:55} INFO - Started process 10084 to run task
[2022-12-01T16:50:20.732+0000] {standard_task_runner.py:82} INFO - Running: ['***', 'tasks', 'run', 'a_start_dag', 'bash_cat', 'manual__2022-12-01T16:50:14.514500+00:00', '--job-id', '1223', '--raw', '--subdir', 'DAGS_FOLDER/start_dag.py', '--cfg-path', '/tmp/tmp9mqy4df2']
[2022-12-01T16:50:20.733+0000] {standard_task_runner.py:83} INFO - Job 1223: Subtask bash_cat
[2022-12-01T16:50:20.806+0000] {task_command.py:376} INFO - Running <TaskInstance: a_start_dag.bash_cat manual__2022-12-01T16:50:14.514500+00:00 [running]> on host 3c5410edb72e
[2022-12-01T16:50:20.950+0000] {taskinstance.py:1592} INFO - Exporting the following env vars:
AIRFLOW_CTX_DAG_OWNER=***
AIRFLOW_CTX_DAG_ID=a_start_dag
AIRFLOW_CTX_TASK_ID=bash_cat
AIRFLOW_CTX_EXECUTION_DATE=2022-12-01T16:50:14.514500+00:00
AIRFLOW_CTX_TRY_NUMBER=1
AIRFLOW_CTX_DAG_RUN_ID=manual__2022-12-01T16:50:14.514500+00:00
[2022-12-01T16:50:20.951+0000] {subprocess.py:63} INFO - Tmp dir root location: 
 /tmp
[2022-12-01T16:50:20.952+0000] {subprocess.py:75} INFO - Running command: ['/bin/bash', '-c', 'mv /opt/***/files/file.csv /opt/***/finish/']
[2022-12-01T16:50:20.981+0000] {subprocess.py:86} INFO - Output:
[2022-12-01T16:50:20.985+0000] {subprocess.py:97} INFO - Command exited with return code 0
[2022-12-01T16:50:21.044+0000] {taskinstance.py:1406} INFO - Marking task as SUCCESS. dag_id=a_start_dag, task_id=bash_cat, execution_date=20221201T165014, start_date=20221201T165020, end_date=20221201T165021
[2022-12-01T16:50:21.108+0000] {local_task_job.py:159} INFO - Task exited with return code 0
[2022-12-01T16:50:21.150+0000] {taskinstance.py:2623} INFO - 1 downstream tasks scheduled from follow-on schedule check
