[2022-12-01T07:13:30.368+0000] {taskinstance.py:1165} INFO - Dependencies all met for <TaskInstance: a_start_dag.where_i_am manual__2022-12-01T07:13:28.151021+00:00 [queued]>
[2022-12-01T07:13:30.382+0000] {taskinstance.py:1165} INFO - Dependencies all met for <TaskInstance: a_start_dag.where_i_am manual__2022-12-01T07:13:28.151021+00:00 [queued]>
[2022-12-01T07:13:30.383+0000] {taskinstance.py:1362} INFO - 
--------------------------------------------------------------------------------
[2022-12-01T07:13:30.383+0000] {taskinstance.py:1363} INFO - Starting attempt 1 of 1
[2022-12-01T07:13:30.383+0000] {taskinstance.py:1364} INFO - 
--------------------------------------------------------------------------------
[2022-12-01T07:13:30.400+0000] {taskinstance.py:1383} INFO - Executing <Task(BashOperator): where_i_am> on 2022-12-01 07:13:28.151021+00:00
[2022-12-01T07:13:30.409+0000] {standard_task_runner.py:55} INFO - Started process 306 to run task
[2022-12-01T07:13:30.413+0000] {standard_task_runner.py:82} INFO - Running: ['***', 'tasks', 'run', 'a_start_dag', 'where_i_am', 'manual__2022-12-01T07:13:28.151021+00:00', '--job-id', '1145', '--raw', '--subdir', 'DAGS_FOLDER/start_dag.py', '--cfg-path', '/tmp/tmp_4ikofn0']
[2022-12-01T07:13:30.415+0000] {standard_task_runner.py:83} INFO - Job 1145: Subtask where_i_am
[2022-12-01T07:13:30.488+0000] {task_command.py:376} INFO - Running <TaskInstance: a_start_dag.where_i_am manual__2022-12-01T07:13:28.151021+00:00 [running]> on host 3859ff78a683
[2022-12-01T07:13:30.641+0000] {taskinstance.py:1592} INFO - Exporting the following env vars:
AIRFLOW_CTX_DAG_OWNER=***
AIRFLOW_CTX_DAG_ID=a_start_dag
AIRFLOW_CTX_TASK_ID=where_i_am
AIRFLOW_CTX_EXECUTION_DATE=2022-12-01T07:13:28.151021+00:00
AIRFLOW_CTX_TRY_NUMBER=1
AIRFLOW_CTX_DAG_RUN_ID=manual__2022-12-01T07:13:28.151021+00:00
[2022-12-01T07:13:30.645+0000] {subprocess.py:63} INFO - Tmp dir root location: 
 /tmp
[2022-12-01T07:13:30.646+0000] {subprocess.py:75} INFO - Running command: ['/bin/bash', '-c', 'touch file.csv']
[2022-12-01T07:13:30.672+0000] {subprocess.py:86} INFO - Output:
[2022-12-01T07:13:30.682+0000] {subprocess.py:97} INFO - Command exited with return code 0
[2022-12-01T07:13:30.721+0000] {taskinstance.py:1406} INFO - Marking task as SUCCESS. dag_id=a_start_dag, task_id=where_i_am, execution_date=20221201T071328, start_date=20221201T071330, end_date=20221201T071330
[2022-12-01T07:13:30.789+0000] {local_task_job.py:159} INFO - Task exited with return code 0
[2022-12-01T07:13:30.824+0000] {taskinstance.py:2623} INFO - 1 downstream tasks scheduled from follow-on schedule check
